<?xml version="1.0" encoding="UTF-8"?>
<coverage generated="1694504941809" clover="3.2.0">
  <project timestamp="1694504941809" name="All files">
    <metrics statements="174" coveredstatements="174" conditionals="35" coveredconditionals="35" methods="67" coveredmethods="67" elements="276" coveredelements="276" complexity="0" loc="174" ncloc="174" packages="8" files="26" classes="26"/>
    <package name="assets.localization">
      <metrics statements="3" coveredstatements="3" conditionals="0" coveredconditionals="0" methods="0" coveredmethods="0"/>
      <file name="index.ts" path="A:\WebProjects\task-manager\src\assets\localization\index.ts">
        <metrics statements="1" coveredstatements="1" conditionals="0" coveredconditionals="0" methods="0" coveredmethods="0"/>
        <line num="4" count="1" type="stmt"/>
      </file>
      <file name="localizationEng.ts" path="A:\WebProjects\task-manager\src\assets\localization\localizationEng.ts">
        <metrics statements="1" coveredstatements="1" conditionals="0" coveredconditionals="0" methods="0" coveredmethods="0"/>
        <line num="1" count="1" type="stmt"/>
      </file>
      <file name="localizationRu.ts" path="A:\WebProjects\task-manager\src\assets\localization\localizationRu.ts">
        <metrics statements="1" coveredstatements="1" conditionals="0" coveredconditionals="0" methods="0" coveredmethods="0"/>
        <line num="1" count="1" type="stmt"/>
      </file>
    </package>
    <package name="assets.styles">
      <metrics statements="13" coveredstatements="13" conditionals="4" coveredconditionals="4" methods="9" coveredmethods="9"/>
      <file name="icons.ts" path="A:\WebProjects\task-manager\src\assets\styles\icons.ts">
        <metrics statements="1" coveredstatements="1" conditionals="0" coveredconditionals="0" methods="0" coveredmethods="0"/>
        <line num="1" count="2" type="stmt"/>
      </file>
      <file name="index.ts" path="A:\WebProjects\task-manager\src\assets\styles\index.ts">
        <metrics statements="1" coveredstatements="1" conditionals="0" coveredconditionals="0" methods="0" coveredmethods="0"/>
        <line num="5" count="2" type="stmt"/>
      </file>
      <file name="theme.ts" path="A:\WebProjects\task-manager\src\assets\styles\theme.ts">
        <metrics statements="1" coveredstatements="1" conditionals="0" coveredconditionals="0" methods="0" coveredmethods="0"/>
        <line num="1" count="2" type="stmt"/>
      </file>
      <file name="ui.ts" path="A:\WebProjects\task-manager\src\assets\styles\ui.ts">
        <metrics statements="10" coveredstatements="10" conditionals="4" coveredconditionals="4" methods="9" coveredmethods="9"/>
        <line num="3" count="2" type="stmt"/>
        <line num="5" count="2" type="stmt"/>
        <line num="6" count="2" type="stmt"/>
        <line num="7" count="752" type="stmt"/>
        <line num="12" count="5" type="stmt"/>
        <line num="13" count="1" type="stmt"/>
        <line num="14" count="244" type="stmt"/>
        <line num="17" count="444" type="stmt"/>
        <line num="18" count="51" type="stmt"/>
        <line num="19" count="1" type="stmt"/>
      </file>
    </package>
    <package name="components.ui">
      <metrics statements="31" coveredstatements="31" conditionals="17" coveredconditionals="17" methods="10" coveredmethods="10"/>
      <file name="Article.tsx" path="A:\WebProjects\task-manager\src\components\ui\Article.tsx">
        <metrics statements="2" coveredstatements="2" conditionals="2" coveredconditionals="2" methods="1" coveredmethods="1"/>
        <line num="6" count="2" type="cond" truecount="2" falsecount="0"/>
        <line num="7" count="5" type="stmt"/>
      </file>
      <file name="Button.tsx" path="A:\WebProjects\task-manager\src\components\ui\Button.tsx">
        <metrics statements="6" coveredstatements="6" conditionals="6" coveredconditionals="6" methods="2" coveredmethods="2"/>
        <line num="7" count="2" type="stmt"/>
        <line num="17" count="756" type="stmt"/>
        <line num="18" count="756" type="stmt"/>
        <line num="19" count="71" type="stmt"/>
        <line num="20" count="71" type="stmt"/>
        <line num="23" count="756" type="stmt"/>
      </file>
      <file name="Input.tsx" path="A:\WebProjects\task-manager\src\components\ui\Input.tsx">
        <metrics statements="8" coveredstatements="8" conditionals="2" coveredconditionals="2" methods="2" coveredmethods="2"/>
        <line num="7" count="2" type="stmt"/>
        <line num="15" count="163" type="stmt"/>
        <line num="16" count="163" type="stmt"/>
        <line num="18" count="163" type="stmt"/>
        <line num="19" count="2" type="stmt"/>
        <line num="20" count="2" type="stmt"/>
        <line num="21" count="2" type="stmt"/>
        <line num="24" count="163" type="stmt"/>
      </file>
      <file name="Paper.tsx" path="A:\WebProjects\task-manager\src\components\ui\Paper.tsx">
        <metrics statements="3" coveredstatements="3" conditionals="3" coveredconditionals="3" methods="1" coveredmethods="1"/>
        <line num="7" count="2" type="stmt"/>
        <line num="13" count="496" type="stmt"/>
        <line num="14" count="496" type="stmt"/>
      </file>
      <file name="Row.tsx" path="A:\WebProjects\task-manager\src\components\ui\Row.tsx">
        <metrics statements="2" coveredstatements="2" conditionals="0" coveredconditionals="0" methods="1" coveredmethods="1"/>
        <line num="5" count="2" type="stmt"/>
        <line num="6" count="310" type="stmt"/>
      </file>
      <file name="Textarea.tsx" path="A:\WebProjects\task-manager\src\components\ui\Textarea.tsx">
        <metrics statements="8" coveredstatements="8" conditionals="2" coveredconditionals="2" methods="2" coveredmethods="2"/>
        <line num="7" count="2" type="stmt"/>
        <line num="15" count="87" type="stmt"/>
        <line num="16" count="87" type="stmt"/>
        <line num="18" count="87" type="stmt"/>
        <line num="19" count="2" type="stmt"/>
        <line num="20" count="2" type="stmt"/>
        <line num="21" count="2" type="stmt"/>
        <line num="24" count="87" type="stmt"/>
      </file>
      <file name="Title.tsx" path="A:\WebProjects\task-manager\src\components\ui\Title.tsx">
        <metrics statements="2" coveredstatements="2" conditionals="2" coveredconditionals="2" methods="1" coveredmethods="1"/>
        <line num="10" count="2" type="cond" truecount="2" falsecount="0"/>
        <line num="11" count="203" type="stmt"/>
      </file>
    </package>
    <package name="components.view">
      <metrics statements="53" coveredstatements="53" conditionals="10" coveredconditionals="10" methods="13" coveredmethods="13"/>
      <file name="AddGroupView.tsx" path="A:\WebProjects\task-manager\src\components\view\AddGroupView.tsx">
        <metrics statements="6" coveredstatements="6" conditionals="2" coveredconditionals="2" methods="2" coveredmethods="2"/>
        <line num="15" count="1" type="stmt"/>
        <line num="16" count="51" type="stmt"/>
        <line num="23" count="51" type="stmt"/>
        <line num="25" count="51" type="stmt"/>
        <line num="27" count="51" type="stmt"/>
        <line num="31" count="4" type="stmt"/>
      </file>
      <file name="BoardView.tsx" path="A:\WebProjects\task-manager\src\components\view\BoardView.tsx">
        <metrics statements="11" coveredstatements="11" conditionals="0" coveredconditionals="0" methods="3" coveredmethods="3"/>
        <line num="15" count="1" type="stmt"/>
        <line num="16" count="50" type="stmt"/>
        <line num="24" count="50" type="stmt"/>
        <line num="25" count="50" type="stmt"/>
        <line num="27" count="50" type="stmt"/>
        <line num="29" count="50" type="stmt"/>
        <line num="30" count="5" type="stmt"/>
        <line num="35" count="5" type="stmt"/>
        <line num="36" count="5" type="stmt"/>
        <line num="39" count="50" type="stmt"/>
        <line num="49" count="207" type="stmt"/>
      </file>
      <file name="CardView.tsx" path="A:\WebProjects\task-manager\src\components\view\CardView.tsx">
        <metrics statements="15" coveredstatements="15" conditionals="4" coveredconditionals="4" methods="3" coveredmethods="3"/>
        <line num="14" count="1" type="stmt"/>
        <line num="15" count="84" type="stmt"/>
        <line num="16" count="84" type="stmt"/>
        <line num="17" count="84" type="stmt"/>
        <line num="18" count="84" type="stmt"/>
        <line num="20" count="84" type="stmt"/>
        <line num="21" count="19" type="cond" truecount="2" falsecount="0"/>
        <line num="22" count="2" type="stmt"/>
        <line num="23" count="2" type="stmt"/>
        <line num="25" count="17" type="stmt"/>
        <line num="26" count="17" type="stmt"/>
        <line num="31" count="84" type="stmt"/>
        <line num="32" count="1" type="stmt"/>
        <line num="33" count="1" type="stmt"/>
        <line num="36" count="84" type="stmt"/>
      </file>
      <file name="GroupView.tsx" path="A:\WebProjects\task-manager\src\components\view\GroupView.tsx">
        <metrics statements="21" coveredstatements="21" conditionals="4" coveredconditionals="4" methods="5" coveredmethods="5"/>
        <line num="18" count="1" type="stmt"/>
        <line num="19" count="309" type="stmt"/>
        <line num="30" count="309" type="stmt"/>
        <line num="31" count="309" type="stmt"/>
        <line num="32" count="309" type="stmt"/>
        <line num="34" count="309" type="stmt"/>
        <line num="35" count="23" type="cond" truecount="2" falsecount="0"/>
        <line num="36" count="20" type="stmt"/>
        <line num="37" count="20" type="stmt"/>
        <line num="39" count="3" type="stmt"/>
        <line num="40" count="3" type="stmt"/>
        <line num="44" count="309" type="stmt"/>
        <line num="46" count="309" type="stmt"/>
        <line num="47" count="23" type="stmt"/>
        <line num="53" count="23" type="stmt"/>
        <line num="54" count="23" type="stmt"/>
        <line num="57" count="309" type="stmt"/>
        <line num="58" count="1" type="stmt"/>
        <line num="59" count="1" type="stmt"/>
        <line num="62" count="309" type="stmt"/>
        <line num="105" count="351" type="stmt"/>
      </file>
    </package>
    <package name="hooks">
      <metrics statements="2" coveredstatements="2" conditionals="0" coveredconditionals="0" methods="2" coveredmethods="2"/>
      <file name="useUpdate.ts" path="A:\WebProjects\task-manager\src\hooks\useUpdate.ts">
        <metrics statements="2" coveredstatements="2" conditionals="0" coveredconditionals="0" methods="2" coveredmethods="2"/>
        <line num="3" count="1" type="stmt"/>
        <line num="4" count="410" type="stmt"/>
      </file>
    </package>
    <package name="model">
      <metrics statements="56" coveredstatements="56" conditionals="1" coveredconditionals="1" methods="22" coveredmethods="22"/>
      <file name="BaseModel.ts" path="A:\WebProjects\task-manager\src\model\BaseModel.ts">
        <metrics statements="34" coveredstatements="34" conditionals="1" coveredconditionals="1" methods="16" coveredmethods="16"/>
        <line num="7" count="38" type="stmt"/>
        <line num="16" count="38" type="stmt"/>
        <line num="17" count="38" type="stmt"/>
        <line num="19" count="38" type="stmt"/>
        <line num="21" count="38" type="stmt"/>
        <line num="22" count="38" type="stmt"/>
        <line num="23" count="38" type="stmt"/>
        <line num="24" count="38" type="stmt"/>
        <line num="27" count="38" type="cond" truecount="1" falsecount="0"/>
        <line num="29" count="38" type="stmt"/>
        <line num="30" count="38" type="stmt"/>
        <line num="31" count="38" type="stmt"/>
        <line num="32" count="38" type="stmt"/>
        <line num="34" count="38" type="stmt"/>
        <line num="35" count="38" type="stmt"/>
        <line num="38" count="38" type="stmt"/>
        <line num="39" count="34" type="stmt"/>
        <line num="45" count="38" type="stmt"/>
        <line num="46" count="1" type="stmt"/>
        <line num="49" count="38" type="stmt"/>
        <line num="50" count="32" type="stmt"/>
        <line num="53" count="38" type="stmt"/>
        <line num="54" count="21" type="stmt"/>
        <line num="57" count="38" type="stmt"/>
        <line num="58" count="1" type="stmt"/>
        <line num="64" count="1465" type="stmt"/>
        <line num="66" count="38" type="stmt"/>
        <line num="68" count="38" type="stmt"/>
        <line num="69" count="23" type="stmt"/>
        <line num="73" count="1039" type="stmt"/>
        <line num="77" count="22" type="stmt"/>
        <line num="81" count="705" type="stmt"/>
        <line num="85" count="4" type="stmt"/>
        <line num="89" count="494" type="stmt"/>
      </file>
      <file name="BoardModel.ts" path="A:\WebProjects\task-manager\src\model\BoardModel.ts">
        <metrics statements="7" coveredstatements="7" conditionals="0" coveredconditionals="0" methods="2" coveredmethods="2"/>
        <line num="5" count="3" type="stmt"/>
        <line num="21" count="3" type="stmt"/>
        <line num="24" count="3" type="stmt"/>
        <line num="25" count="3" type="stmt"/>
        <line num="27" count="3" type="stmt"/>
        <line num="30" count="3" type="stmt"/>
        <line num="31" count="7" type="stmt"/>
      </file>
      <file name="CardModel.ts" path="A:\WebProjects\task-manager\src\model\CardModel.ts">
        <metrics statements="6" coveredstatements="6" conditionals="0" coveredconditionals="0" methods="1" coveredmethods="1"/>
        <line num="6" count="25" type="stmt"/>
        <line num="14" count="25" type="stmt"/>
        <line num="17" count="25" type="stmt"/>
        <line num="18" count="25" type="stmt"/>
        <line num="20" count="25" type="stmt"/>
        <line num="21" count="25" type="stmt"/>
      </file>
      <file name="GroupModel.ts" path="A:\WebProjects\task-manager\src\model\GroupModel.ts">
        <metrics statements="9" coveredstatements="9" conditionals="0" coveredconditionals="0" methods="3" coveredmethods="3"/>
        <line num="5" count="10" type="stmt"/>
        <line num="16" count="10" type="stmt"/>
        <line num="19" count="10" type="stmt"/>
        <line num="20" count="10" type="stmt"/>
        <line num="22" count="10" type="stmt"/>
        <line num="25" count="10" type="stmt"/>
        <line num="26" count="27" type="stmt"/>
        <line num="29" count="10" type="stmt"/>
        <line num="30" count="1" type="stmt"/>
      </file>
    </package>
    <package name="store">
      <metrics statements="11" coveredstatements="11" conditionals="0" coveredconditionals="0" methods="8" coveredmethods="8"/>
      <file name="index.ts" path="A:\WebProjects\task-manager\src\store\index.ts">
        <metrics statements="11" coveredstatements="11" conditionals="0" coveredconditionals="0" methods="8" coveredmethods="8"/>
        <line num="6" count="2" type="stmt"/>
        <line num="7" count="2" type="stmt"/>
        <line num="8" count="2" type="stmt"/>
        <line num="11" count="2" type="stmt"/>
        <line num="24" count="2" type="stmt"/>
        <line num="31" count="23" type="stmt"/>
        <line num="38" count="5" type="stmt"/>
        <line num="45" count="66" type="stmt"/>
        <line num="49" count="8" type="stmt"/>
        <line num="54" count="2" type="stmt"/>
        <line num="56" count="2" type="stmt"/>
      </file>
    </package>
    <package name="utils">
      <metrics statements="5" coveredstatements="5" conditionals="3" coveredconditionals="3" methods="3" coveredmethods="3"/>
      <file name="createClass.ts" path="A:\WebProjects\task-manager\src\utils\createClass.ts">
        <metrics statements="4" coveredstatements="4" conditionals="3" coveredconditionals="3" methods="2" coveredmethods="2"/>
        <line num="1" count="3" type="cond" truecount="1" falsecount="0"/>
        <line num="2" count="3485" type="stmt"/>
        <line num="3" count="6231" type="cond" truecount="2" falsecount="0"/>
        <line num="4" count="3485" type="stmt"/>
      </file>
      <file name="uuid.ts" path="A:\WebProjects\task-manager\src\utils\uuid.ts">
        <metrics statements="1" coveredstatements="1" conditionals="0" coveredconditionals="0" methods="1" coveredmethods="1"/>
        <line num="3" count="38" type="stmt"/>
      </file>
    </package>
  </project>
</coverage>
