{"A:\\WebProjects\\task-manager\\src\\assets\\localization\\index.ts": {"path":"A:\\WebProjects\\task-manager\\src\\assets\\localization\\index.ts","statementMap":{"0":{"start":{"line":4,"column":21},"end":{"line":4,"column":32}}},"fnMap":{},"branchMap":{},"s":{"0":1},"f":{},"b":{},"_coverageSchema":"1a1c01bbd47fc00a2c39e90264f33305004495a9","hash":"d9fbe186cf47a1ee3d648eae43636219261ff219"}
,"A:\\WebProjects\\task-manager\\src\\assets\\localization\\localizationEng.ts": {"path":"A:\\WebProjects\\task-manager\\src\\assets\\localization\\localizationEng.ts","statementMap":{"0":{"start":{"line":1,"column":24},"end":{"line":7,"column":1}}},"fnMap":{},"branchMap":{},"s":{"0":1},"f":{},"b":{},"_coverageSchema":"1a1c01bbd47fc00a2c39e90264f33305004495a9","hash":"1c1fed09d201eb38c481fbc58c7ced1e46cfb5c1"}
,"A:\\WebProjects\\task-manager\\src\\assets\\localization\\localizationRu.ts": {"path":"A:\\WebProjects\\task-manager\\src\\assets\\localization\\localizationRu.ts","statementMap":{"0":{"start":{"line":1,"column":23},"end":{"line":7,"column":1}}},"fnMap":{},"branchMap":{},"s":{"0":1},"f":{},"b":{},"_coverageSchema":"1a1c01bbd47fc00a2c39e90264f33305004495a9","hash":"58783aa61538f7f594d49eb256c946077997ea4b"}
,"A:\\WebProjects\\task-manager\\src\\assets\\styles\\icons.ts": {"path":"A:\\WebProjects\\task-manager\\src\\assets\\styles\\icons.ts","statementMap":{"0":{"start":{"line":1,"column":14},"end":{"line":4,"column":1}}},"fnMap":{},"branchMap":{},"s":{"0":1},"f":{},"b":{},"_coverageSchema":"1a1c01bbd47fc00a2c39e90264f33305004495a9","hash":"2f2d2e70abaff0ef01eb9588ac53c3f3d5106f6a"}
,"A:\\WebProjects\\task-manager\\src\\assets\\styles\\index.ts": {"path":"A:\\WebProjects\\task-manager\\src\\assets\\styles\\index.ts","statementMap":{"0":{"start":{"line":5,"column":26},"end":{"line":5,"column":46}}},"fnMap":{},"branchMap":{},"s":{"0":1},"f":{},"b":{},"_coverageSchema":"1a1c01bbd47fc00a2c39e90264f33305004495a9","hash":"f4d292346c473a63bf3e978d6589b509448adf35"}
,"A:\\WebProjects\\task-manager\\src\\assets\\styles\\theme.ts": {"path":"A:\\WebProjects\\task-manager\\src\\assets\\styles\\theme.ts","statementMap":{"0":{"start":{"line":1,"column":14},"end":{"line":7,"column":1}}},"fnMap":{},"branchMap":{},"s":{"0":1},"f":{},"b":{},"_coverageSchema":"1a1c01bbd47fc00a2c39e90264f33305004495a9","hash":"584ee936b1fad47d035448f0050b2ba5ef100567"}
,"A:\\WebProjects\\task-manager\\src\\assets\\styles\\ui.ts": {"path":"A:\\WebProjects\\task-manager\\src\\assets\\styles\\ui.ts","statementMap":{"0":{"start":{"line":3,"column":17},"end":{"line":22,"column":1}},"1":{"start":{"line":5,"column":31},"end":{"line":5,"column":102}},"2":{"start":{"line":6,"column":33},"end":{"line":6,"column":124}},"3":{"start":{"line":7,"column":30},"end":{"line":9,"column":5}},"4":{"start":{"line":12,"column":31},"end":{"line":12,"column":66}},"5":{"start":{"line":13,"column":33},"end":{"line":13,"column":82}},"6":{"start":{"line":14,"column":30},"end":{"line":14,"column":70}},"7":{"start":{"line":17,"column":31},"end":{"line":17,"column":89}},"8":{"start":{"line":18,"column":33},"end":{"line":18,"column":66}},"9":{"start":{"line":19,"column":30},"end":{"line":19,"column":71}}},"fnMap":{"0":{"name":"(anonymous_0)","decl":{"start":{"line":5,"column":13},"end":{"line":5,"column":14}},"loc":{"start":{"line":5,"column":31},"end":{"line":5,"column":102}},"line":5},"1":{"name":"(anonymous_1)","decl":{"start":{"line":6,"column":15},"end":{"line":6,"column":16}},"loc":{"start":{"line":6,"column":33},"end":{"line":6,"column":124}},"line":6},"2":{"name":"(anonymous_2)","decl":{"start":{"line":7,"column":12},"end":{"line":7,"column":13}},"loc":{"start":{"line":7,"column":30},"end":{"line":9,"column":5}},"line":7},"3":{"name":"(anonymous_3)","decl":{"start":{"line":12,"column":13},"end":{"line":12,"column":14}},"loc":{"start":{"line":12,"column":31},"end":{"line":12,"column":66}},"line":12},"4":{"name":"(anonymous_4)","decl":{"start":{"line":13,"column":15},"end":{"line":13,"column":16}},"loc":{"start":{"line":13,"column":33},"end":{"line":13,"column":82}},"line":13},"5":{"name":"(anonymous_5)","decl":{"start":{"line":14,"column":12},"end":{"line":14,"column":13}},"loc":{"start":{"line":14,"column":30},"end":{"line":14,"column":70}},"line":14},"6":{"name":"(anonymous_6)","decl":{"start":{"line":17,"column":13},"end":{"line":17,"column":14}},"loc":{"start":{"line":17,"column":31},"end":{"line":17,"column":89}},"line":17},"7":{"name":"(anonymous_7)","decl":{"start":{"line":18,"column":15},"end":{"line":18,"column":16}},"loc":{"start":{"line":18,"column":33},"end":{"line":18,"column":66}},"line":18},"8":{"name":"(anonymous_8)","decl":{"start":{"line":19,"column":12},"end":{"line":19,"column":13}},"loc":{"start":{"line":19,"column":30},"end":{"line":19,"column":71}},"line":19}},"branchMap":{"0":{"loc":{"start":{"line":8,"column":8},"end":{"line":8,"column":58}},"type":"cond-expr","locations":[{"start":{"line":8,"column":28},"end":{"line":8,"column":43}},{"start":{"line":8,"column":46},"end":{"line":8,"column":58}}],"line":8},"1":{"loc":{"start":{"line":8,"column":98},"end":{"line":8,"column":151}},"type":"cond-expr","locations":[{"start":{"line":8,"column":118},"end":{"line":8,"column":133}},{"start":{"line":8,"column":136},"end":{"line":8,"column":151}}],"line":8}},"s":{"0":1,"1":0,"2":0,"3":5,"4":0,"5":0,"6":2,"7":4,"8":1,"9":0},"f":{"0":0,"1":0,"2":5,"3":0,"4":0,"5":2,"6":4,"7":1,"8":0},"b":{"0":[3,2],"1":[3,2]},"_coverageSchema":"1a1c01bbd47fc00a2c39e90264f33305004495a9","hash":"d1ff3fff1726692fbd2284b9e24901a1c6f04f00"}
,"A:\\WebProjects\\task-manager\\src\\components\\ui\\Article.tsx": {"path":"A:\\WebProjects\\task-manager\\src\\components\\ui\\Article.tsx","statementMap":{"0":{"start":{"line":6,"column":43},"end":{"line":8,"column":1}},"1":{"start":{"line":7,"column":2},"end":{"line":7,"column":91}}},"fnMap":{"0":{"name":"(anonymous_0)","decl":{"start":{"line":6,"column":43},"end":{"line":6,"column":44}},"loc":{"start":{"line":6,"column":79},"end":{"line":8,"column":1}},"line":6}},"branchMap":{"0":{"loc":{"start":{"line":6,"column":46},"end":{"line":6,"column":56}},"type":"default-arg","locations":[{"start":{"line":6,"column":54},"end":{"line":6,"column":56}}],"line":6},"1":{"loc":{"start":{"line":6,"column":58},"end":{"line":6,"column":72}},"type":"default-arg","locations":[{"start":{"line":6,"column":70},"end":{"line":6,"column":72}}],"line":6}},"s":{"0":1,"1":0},"f":{"0":0},"b":{"0":[0],"1":[0]},"_coverageSchema":"1a1c01bbd47fc00a2c39e90264f33305004495a9","hash":"aaba4b0ccbc042851b2246c0509d6e8f9f2bd0b8"}
,"A:\\WebProjects\\task-manager\\src\\components\\ui\\Button.tsx": {"path":"A:\\WebProjects\\task-manager\\src\\components\\ui\\Button.tsx","statementMap":{"0":{"start":{"line":7,"column":60},"end":{"line":29,"column":1}},"1":{"start":{"line":16,"column":6},"end":{"line":16,"column":11}},"2":{"start":{"line":17,"column":67},"end":{"line":20,"column":3}},"3":{"start":{"line":18,"column":4},"end":{"line":18,"column":28}},"4":{"start":{"line":19,"column":4},"end":{"line":19,"column":17}},"5":{"start":{"line":21,"column":2},"end":{"line":28,"column":4}}},"fnMap":{"0":{"name":"(anonymous_0)","decl":{"start":{"line":7,"column":60},"end":{"line":7,"column":61}},"loc":{"start":{"line":7,"column":71},"end":{"line":29,"column":1}},"line":7},"1":{"name":"(anonymous_1)","decl":{"start":{"line":17,"column":67},"end":{"line":17,"column":68}},"loc":{"start":{"line":17,"column":78},"end":{"line":20,"column":3}},"line":17}},"branchMap":{"0":{"loc":{"start":{"line":9,"column":4},"end":{"line":9,"column":14}},"type":"default-arg","locations":[{"start":{"line":9,"column":12},"end":{"line":9,"column":14}}],"line":9},"1":{"loc":{"start":{"line":10,"column":4},"end":{"line":10,"column":18}},"type":"default-arg","locations":[{"start":{"line":10,"column":16},"end":{"line":10,"column":18}}],"line":10},"2":{"loc":{"start":{"line":11,"column":4},"end":{"line":11,"column":23}},"type":"default-arg","locations":[{"start":{"line":11,"column":14},"end":{"line":11,"column":23}}],"line":11},"3":{"loc":{"start":{"line":12,"column":4},"end":{"line":12,"column":19}},"type":"default-arg","locations":[{"start":{"line":12,"column":12},"end":{"line":12,"column":19}}],"line":12},"4":{"loc":{"start":{"line":23,"column":15},"end":{"line":23,"column":48}},"type":"binary-expr","locations":[{"start":{"line":23,"column":15},"end":{"line":23,"column":26}},{"start":{"line":23,"column":30},"end":{"line":23,"column":48}}],"line":23}},"s":{"0":1,"1":5,"2":5,"3":0,"4":0,"5":5},"f":{"0":5,"1":0},"b":{"0":[2],"1":[1],"2":[0],"3":[2],"4":[5,5]},"_coverageSchema":"1a1c01bbd47fc00a2c39e90264f33305004495a9","hash":"9b5764ae0b096fbb53238c7747e7d0930f2910a9"}
,"A:\\WebProjects\\task-manager\\src\\components\\ui\\Input.tsx": {"path":"A:\\WebProjects\\task-manager\\src\\components\\ui\\Input.tsx","statementMap":{"0":{"start":{"line":7,"column":38},"end":{"line":38,"column":1}},"1":{"start":{"line":15,"column":6},"end":{"line":15,"column":11}},"2":{"start":{"line":16,"column":38},"end":{"line":16,"column":53}},"3":{"start":{"line":18,"column":61},"end":{"line":22,"column":3}},"4":{"start":{"line":19,"column":4},"end":{"line":19,"column":27}},"5":{"start":{"line":20,"column":4},"end":{"line":20,"column":35}},"6":{"start":{"line":21,"column":4},"end":{"line":21,"column":46}},"7":{"start":{"line":24,"column":2},"end":{"line":37,"column":4}}},"fnMap":{"0":{"name":"(anonymous_0)","decl":{"start":{"line":7,"column":38},"end":{"line":7,"column":39}},"loc":{"start":{"line":7,"column":49},"end":{"line":38,"column":1}},"line":7},"1":{"name":"(anonymous_1)","decl":{"start":{"line":18,"column":61},"end":{"line":18,"column":62}},"loc":{"start":{"line":18,"column":72},"end":{"line":22,"column":3}},"line":18}},"branchMap":{"0":{"loc":{"start":{"line":10,"column":4},"end":{"line":10,"column":23}},"type":"default-arg","locations":[{"start":{"line":10,"column":14},"end":{"line":10,"column":23}}],"line":10},"1":{"loc":{"start":{"line":11,"column":4},"end":{"line":11,"column":19}},"type":"default-arg","locations":[{"start":{"line":11,"column":12},"end":{"line":11,"column":19}}],"line":11}},"s":{"0":1,"1":1,"2":1,"3":1,"4":0,"5":0,"6":0,"7":1},"f":{"0":1,"1":0},"b":{"0":[0],"1":[1]},"_coverageSchema":"1a1c01bbd47fc00a2c39e90264f33305004495a9","hash":"8e07a1c18eac944820396cb34b7645f5cfe9d2dc"}
,"A:\\WebProjects\\task-manager\\src\\components\\ui\\Paper.tsx": {"path":"A:\\WebProjects\\task-manager\\src\\components\\ui\\Paper.tsx","statementMap":{"0":{"start":{"line":7,"column":58},"end":{"line":19,"column":1}},"1":{"start":{"line":13,"column":6},"end":{"line":13,"column":11}},"2":{"start":{"line":14,"column":2},"end":{"line":18,"column":4}}},"fnMap":{"0":{"name":"(anonymous_0)","decl":{"start":{"line":7,"column":58},"end":{"line":7,"column":59}},"loc":{"start":{"line":7,"column":69},"end":{"line":19,"column":1}},"line":7}},"branchMap":{"0":{"loc":{"start":{"line":9,"column":4},"end":{"line":9,"column":41}},"type":"default-arg","locations":[{"start":{"line":9,"column":16},"end":{"line":9,"column":41}}],"line":9},"1":{"loc":{"start":{"line":10,"column":4},"end":{"line":10,"column":23}},"type":"default-arg","locations":[{"start":{"line":10,"column":14},"end":{"line":10,"column":23}}],"line":10},"2":{"loc":{"start":{"line":11,"column":4},"end":{"line":11,"column":19}},"type":"default-arg","locations":[{"start":{"line":11,"column":12},"end":{"line":11,"column":19}}],"line":11}},"s":{"0":1,"1":5,"2":5},"f":{"0":5},"b":{"0":[1],"1":[4],"2":[5]},"_coverageSchema":"1a1c01bbd47fc00a2c39e90264f33305004495a9","hash":"9adbe3fe2364873188d17f8d469133a45e70bb61"}
,"A:\\WebProjects\\task-manager\\src\\components\\ui\\Row.tsx": {"path":"A:\\WebProjects\\task-manager\\src\\components\\ui\\Row.tsx","statementMap":{"0":{"start":{"line":5,"column":35},"end":{"line":7,"column":1}},"1":{"start":{"line":6,"column":4},"end":{"line":6,"column":85}}},"fnMap":{"0":{"name":"(anonymous_0)","decl":{"start":{"line":5,"column":35},"end":{"line":5,"column":36}},"loc":{"start":{"line":5,"column":53},"end":{"line":7,"column":1}},"line":5}},"branchMap":{},"s":{"0":1,"1":1},"f":{"0":1},"b":{},"_coverageSchema":"1a1c01bbd47fc00a2c39e90264f33305004495a9","hash":"9e72bbdc46fa9df6b43ebc518c8b29de23115500"}
,"A:\\WebProjects\\task-manager\\src\\components\\ui\\Textarea.tsx": {"path":"A:\\WebProjects\\task-manager\\src\\components\\ui\\Textarea.tsx","statementMap":{"0":{"start":{"line":7,"column":41},"end":{"line":37,"column":1}},"1":{"start":{"line":15,"column":6},"end":{"line":15,"column":11}},"2":{"start":{"line":16,"column":38},"end":{"line":16,"column":53}},"3":{"start":{"line":18,"column":64},"end":{"line":22,"column":3}},"4":{"start":{"line":19,"column":4},"end":{"line":19,"column":27}},"5":{"start":{"line":20,"column":4},"end":{"line":20,"column":35}},"6":{"start":{"line":21,"column":4},"end":{"line":21,"column":46}},"7":{"start":{"line":24,"column":2},"end":{"line":36,"column":4}}},"fnMap":{"0":{"name":"(anonymous_0)","decl":{"start":{"line":7,"column":41},"end":{"line":7,"column":42}},"loc":{"start":{"line":7,"column":52},"end":{"line":37,"column":1}},"line":7},"1":{"name":"(anonymous_1)","decl":{"start":{"line":18,"column":64},"end":{"line":18,"column":65}},"loc":{"start":{"line":18,"column":75},"end":{"line":22,"column":3}},"line":18}},"branchMap":{"0":{"loc":{"start":{"line":10,"column":4},"end":{"line":10,"column":23}},"type":"default-arg","locations":[{"start":{"line":10,"column":14},"end":{"line":10,"column":23}}],"line":10},"1":{"loc":{"start":{"line":11,"column":4},"end":{"line":11,"column":19}},"type":"default-arg","locations":[{"start":{"line":11,"column":12},"end":{"line":11,"column":19}}],"line":11}},"s":{"0":1,"1":1,"2":1,"3":1,"4":0,"5":0,"6":0,"7":1},"f":{"0":1,"1":0},"b":{"0":[0],"1":[1]},"_coverageSchema":"1a1c01bbd47fc00a2c39e90264f33305004495a9","hash":"376feecaddf5420e946cd96d791b02aa742b7d00"}
,"A:\\WebProjects\\task-manager\\src\\components\\ui\\Title.tsx": {"path":"A:\\WebProjects\\task-manager\\src\\components\\ui\\Title.tsx","statementMap":{"0":{"start":{"line":10,"column":25},"end":{"line":12,"column":1}},"1":{"start":{"line":11,"column":2},"end":{"line":11,"column":90}}},"fnMap":{"0":{"name":"(anonymous_0)","decl":{"start":{"line":10,"column":25},"end":{"line":10,"column":26}},"loc":{"start":{"line":11,"column":2},"end":{"line":11,"column":90}},"line":11}},"branchMap":{"0":{"loc":{"start":{"line":10,"column":28},"end":{"line":10,"column":38}},"type":"default-arg","locations":[{"start":{"line":10,"column":36},"end":{"line":10,"column":38}}],"line":10},"1":{"loc":{"start":{"line":10,"column":40},"end":{"line":10,"column":54}},"type":"default-arg","locations":[{"start":{"line":10,"column":52},"end":{"line":10,"column":54}}],"line":10}},"s":{"0":1,"1":2},"f":{"0":2},"b":{"0":[0],"1":[0]},"_coverageSchema":"1a1c01bbd47fc00a2c39e90264f33305004495a9","hash":"9fa770864b987eeeaf208270423303d087760dbc"}
,"A:\\WebProjects\\task-manager\\src\\components\\view\\AddGroupView.tsx": {"path":"A:\\WebProjects\\task-manager\\src\\components\\view\\AddGroupView.tsx","statementMap":{"0":{"start":{"line":15,"column":67},"end":{"line":42,"column":1}},"1":{"start":{"line":16,"column":30},"end":{"line":16,"column":35}},"2":{"start":{"line":23,"column":6},"end":{"line":23,"column":11}},"3":{"start":{"line":25,"column":2},"end":{"line":25,"column":27}},"4":{"start":{"line":27,"column":2},"end":{"line":41,"column":4}},"5":{"start":{"line":31,"column":29},"end":{"line":31,"column":79}}},"fnMap":{"0":{"name":"(anonymous_0)","decl":{"start":{"line":15,"column":67},"end":{"line":15,"column":68}},"loc":{"start":{"line":15,"column":78},"end":{"line":42,"column":1}},"line":15},"1":{"name":"(anonymous_1)","decl":{"start":{"line":31,"column":19},"end":{"line":31,"column":20}},"loc":{"start":{"line":31,"column":29},"end":{"line":31,"column":79}},"line":31}},"branchMap":{"0":{"loc":{"start":{"line":29,"column":7},"end":{"line":29,"column":70}},"type":"binary-expr","locations":[{"start":{"line":29,"column":7},"end":{"line":29,"column":11}},{"start":{"line":29,"column":15},"end":{"line":29,"column":70}}],"line":29}},"s":{"0":1,"1":2,"2":2,"3":2,"4":2,"5":0},"f":{"0":2,"1":0},"b":{"0":[2,1]},"_coverageSchema":"1a1c01bbd47fc00a2c39e90264f33305004495a9","hash":"238788a6efccbdaa865e86b15285886cb6fda9f0"}
,"A:\\WebProjects\\task-manager\\src\\components\\view\\BoardView.tsx": {"path":"A:\\WebProjects\\task-manager\\src\\components\\view\\BoardView.tsx","statementMap":{"0":{"start":{"line":15,"column":49},"end":{"line":57,"column":1}},"1":{"start":{"line":16,"column":20},"end":{"line":16,"column":25}},"2":{"start":{"line":24,"column":6},"end":{"line":24,"column":11}},"3":{"start":{"line":25,"column":44},"end":{"line":25,"column":68}},"4":{"start":{"line":27,"column":2},"end":{"line":27,"column":58}},"5":{"start":{"line":29,"column":22},"end":{"line":37,"column":3}},"6":{"start":{"line":30,"column":18},"end":{"line":34,"column":6}},"7":{"start":{"line":35,"column":4},"end":{"line":35,"column":25}},"8":{"start":{"line":36,"column":4},"end":{"line":36,"column":20}},"9":{"start":{"line":39,"column":2},"end":{"line":56,"column":4}},"10":{"start":{"line":49,"column":31},"end":{"line":49,"column":84}}},"fnMap":{"0":{"name":"(anonymous_0)","decl":{"start":{"line":15,"column":49},"end":{"line":15,"column":50}},"loc":{"start":{"line":15,"column":60},"end":{"line":57,"column":1}},"line":15},"1":{"name":"(anonymous_1)","decl":{"start":{"line":29,"column":22},"end":{"line":29,"column":23}},"loc":{"start":{"line":29,"column":28},"end":{"line":37,"column":3}},"line":29},"2":{"name":"(anonymous_2)","decl":{"start":{"line":49,"column":20},"end":{"line":49,"column":21}},"loc":{"start":{"line":49,"column":31},"end":{"line":49,"column":84}},"line":49}},"branchMap":{},"s":{"0":1,"1":1,"2":1,"3":1,"4":1,"5":1,"6":0,"7":0,"8":0,"9":1,"10":0},"f":{"0":1,"1":0,"2":0},"b":{},"_coverageSchema":"1a1c01bbd47fc00a2c39e90264f33305004495a9","hash":"c7aeb8d92fc5f1a2468659672ae695bac7240225"}
,"A:\\WebProjects\\task-manager\\src\\components\\view\\CardView.tsx": {"path":"A:\\WebProjects\\task-manager\\src\\components\\view\\CardView.tsx","statementMap":{"0":{"start":{"line":14,"column":47},"end":{"line":64,"column":1}},"1":{"start":{"line":15,"column":20},"end":{"line":15,"column":25}},"2":{"start":{"line":16,"column":83},"end":{"line":16,"column":88}},"3":{"start":{"line":17,"column":27},"end":{"line":17,"column":51}},"4":{"start":{"line":18,"column":30},"end":{"line":18,"column":52}},"5":{"start":{"line":20,"column":19},"end":{"line":28,"column":3}},"6":{"start":{"line":21,"column":4},"end":{"line":27,"column":5}},"7":{"start":{"line":22,"column":6},"end":{"line":22,"column":25}},"8":{"start":{"line":23,"column":6},"end":{"line":23,"column":22}},"9":{"start":{"line":25,"column":6},"end":{"line":25,"column":25}},"10":{"start":{"line":26,"column":6},"end":{"line":26,"column":22}},"11":{"start":{"line":31,"column":4},"end":{"line":34,"column":5}},"12":{"start":{"line":32,"column":24},"end":{"line":32,"column":29}},"13":{"start":{"line":33,"column":6},"end":{"line":33,"column":44}},"14":{"start":{"line":36,"column":2},"end":{"line":63,"column":4}}},"fnMap":{"0":{"name":"(anonymous_0)","decl":{"start":{"line":14,"column":47},"end":{"line":14,"column":48}},"loc":{"start":{"line":14,"column":58},"end":{"line":64,"column":1}},"line":14},"1":{"name":"(anonymous_1)","decl":{"start":{"line":20,"column":19},"end":{"line":20,"column":20}},"loc":{"start":{"line":20,"column":26},"end":{"line":28,"column":3}},"line":20},"2":{"name":"(anonymous_2)","decl":{"start":{"line":31,"column":4},"end":{"line":31,"column":5}},"loc":{"start":{"line":31,"column":15},"end":{"line":34,"column":5}},"line":31}},"branchMap":{"0":{"loc":{"start":{"line":21,"column":4},"end":{"line":27,"column":5}},"type":"if","locations":[{"start":{"line":21,"column":4},"end":{"line":27,"column":5}},{"start":{"line":24,"column":11},"end":{"line":27,"column":5}}],"line":21},"1":{"loc":{"start":{"line":50,"column":7},"end":{"line":60,"column":9}},"type":"cond-expr","locations":[{"start":{"line":52,"column":10},"end":{"line":52,"column":41}},{"start":{"line":54,"column":10},"end":{"line":59,"column":12}}],"line":50}},"s":{"0":1,"1":1,"2":1,"3":1,"4":1,"5":1,"6":0,"7":0,"8":0,"9":0,"10":0,"11":1,"12":0,"13":0,"14":1},"f":{"0":1,"1":0,"2":0},"b":{"0":[0,0],"1":[0,1]},"_coverageSchema":"1a1c01bbd47fc00a2c39e90264f33305004495a9","hash":"a2641e3aa4fb402879a2059ee21ef9c1caf5565e"}
,"A:\\WebProjects\\task-manager\\src\\components\\view\\GroupView.tsx": {"path":"A:\\WebProjects\\task-manager\\src\\components\\view\\GroupView.tsx","statementMap":{"0":{"start":{"line":18,"column":49},"end":{"line":112,"column":1}},"1":{"start":{"line":19,"column":20},"end":{"line":19,"column":25}},"2":{"start":{"line":30,"column":6},"end":{"line":30,"column":11}},"3":{"start":{"line":31,"column":48},"end":{"line":31,"column":72}},"4":{"start":{"line":32,"column":30},"end":{"line":32,"column":52}},"5":{"start":{"line":34,"column":19},"end":{"line":42,"column":3}},"6":{"start":{"line":35,"column":4},"end":{"line":41,"column":5}},"7":{"start":{"line":36,"column":6},"end":{"line":36,"column":25}},"8":{"start":{"line":37,"column":6},"end":{"line":37,"column":22}},"9":{"start":{"line":39,"column":6},"end":{"line":39,"column":25}},"10":{"start":{"line":40,"column":6},"end":{"line":40,"column":24}},"11":{"start":{"line":44,"column":2},"end":{"line":44,"column":73}},"12":{"start":{"line":46,"column":21},"end":{"line":55,"column":3}},"13":{"start":{"line":47,"column":17},"end":{"line":52,"column":6}},"14":{"start":{"line":53,"column":4},"end":{"line":53,"column":18}},"15":{"start":{"line":54,"column":4},"end":{"line":54,"column":23}},"16":{"start":{"line":57,"column":68},"end":{"line":60,"column":3}},"17":{"start":{"line":58,"column":22},"end":{"line":58,"column":27}},"18":{"start":{"line":59,"column":4},"end":{"line":59,"column":28}},"19":{"start":{"line":62,"column":2},"end":{"line":111,"column":4}},"20":{"start":{"line":101,"column":29},"end":{"line":101,"column":79}}},"fnMap":{"0":{"name":"(anonymous_0)","decl":{"start":{"line":18,"column":49},"end":{"line":18,"column":50}},"loc":{"start":{"line":18,"column":60},"end":{"line":112,"column":1}},"line":18},"1":{"name":"(anonymous_1)","decl":{"start":{"line":34,"column":19},"end":{"line":34,"column":20}},"loc":{"start":{"line":34,"column":26},"end":{"line":42,"column":3}},"line":34},"2":{"name":"(anonymous_2)","decl":{"start":{"line":46,"column":21},"end":{"line":46,"column":22}},"loc":{"start":{"line":46,"column":27},"end":{"line":55,"column":3}},"line":46},"3":{"name":"(anonymous_3)","decl":{"start":{"line":57,"column":68},"end":{"line":57,"column":69}},"loc":{"start":{"line":57,"column":79},"end":{"line":60,"column":3}},"line":57},"4":{"name":"(anonymous_4)","decl":{"start":{"line":101,"column":19},"end":{"line":101,"column":20}},"loc":{"start":{"line":101,"column":29},"end":{"line":101,"column":79}},"line":101}},"branchMap":{"0":{"loc":{"start":{"line":35,"column":4},"end":{"line":41,"column":5}},"type":"if","locations":[{"start":{"line":35,"column":4},"end":{"line":41,"column":5}},{"start":{"line":38,"column":11},"end":{"line":41,"column":5}}],"line":35},"1":{"loc":{"start":{"line":64,"column":7},"end":{"line":99,"column":7}},"type":"cond-expr","locations":[{"start":{"line":65,"column":8},"end":{"line":78,"column":14}},{"start":{"line":80,"column":8},"end":{"line":98,"column":14}}],"line":64}},"s":{"0":1,"1":1,"2":1,"3":1,"4":1,"5":1,"6":0,"7":0,"8":0,"9":0,"10":0,"11":1,"12":1,"13":0,"14":0,"15":0,"16":1,"17":0,"18":0,"19":1,"20":0},"f":{"0":1,"1":0,"2":0,"3":0,"4":0},"b":{"0":[0,0],"1":[0,1]},"_coverageSchema":"1a1c01bbd47fc00a2c39e90264f33305004495a9","hash":"8dd87af93a172457a971c4ec352ca84837a0408d"}
,"A:\\WebProjects\\task-manager\\src\\hooks\\useUpdate.ts": {"path":"A:\\WebProjects\\task-manager\\src\\hooks\\useUpdate.ts","statementMap":{"0":{"start":{"line":3,"column":18},"end":{"line":5,"column":1}},"1":{"start":{"line":4,"column":4},"end":{"line":4,"column":44}},"2":{"start":{"line":4,"column":20},"end":{"line":4,"column":30}}},"fnMap":{"0":{"name":"(anonymous_0)","decl":{"start":{"line":3,"column":18},"end":{"line":3,"column":19}},"loc":{"start":{"line":3,"column":63},"end":{"line":5,"column":1}},"line":3},"1":{"name":"(anonymous_1)","decl":{"start":{"line":4,"column":14},"end":{"line":4,"column":15}},"loc":{"start":{"line":4,"column":20},"end":{"line":4,"column":30}},"line":4}},"branchMap":{},"s":{"0":1,"1":4,"2":3},"f":{"0":4,"1":3},"b":{},"_coverageSchema":"1a1c01bbd47fc00a2c39e90264f33305004495a9","hash":"bde19beb13ef429ee9a1da580c68ebfb6c370dfb"}
,"A:\\WebProjects\\task-manager\\src\\model\\BaseModel.ts": {"path":"A:\\WebProjects\\task-manager\\src\\model\\BaseModel.ts","statementMap":{"0":{"start":{"line":7,"column":34},"end":{"line":14,"column":3}},"1":{"start":{"line":16,"column":17},"end":{"line":16,"column":19}},"2":{"start":{"line":17,"column":19},"end":{"line":17,"column":38}},"3":{"start":{"line":19,"column":27},"end":{"line":19,"column":54}},"4":{"start":{"line":21,"column":14},"end":{"line":21,"column":38}},"5":{"start":{"line":22,"column":16},"end":{"line":22,"column":42}},"6":{"start":{"line":23,"column":11},"end":{"line":23,"column":32}},"7":{"start":{"line":24,"column":23},"end":{"line":24,"column":25}},"8":{"start":{"line":27,"column":64},"end":{"line":27,"column":71}},"9":{"start":{"line":29,"column":4},"end":{"line":29,"column":23}},"10":{"start":{"line":30,"column":4},"end":{"line":30,"column":23}},"11":{"start":{"line":31,"column":4},"end":{"line":31,"column":39}},"12":{"start":{"line":32,"column":4},"end":{"line":32,"column":27}},"13":{"start":{"line":34,"column":4},"end":{"line":34,"column":35}},"14":{"start":{"line":35,"column":4},"end":{"line":35,"column":46}},"15":{"start":{"line":38,"column":22},"end":{"line":43,"column":3}},"16":{"start":{"line":39,"column":4},"end":{"line":42,"column":6}},"17":{"start":{"line":45,"column":25},"end":{"line":47,"column":3}},"18":{"start":{"line":46,"column":4},"end":{"line":46,"column":75}},"19":{"start":{"line":46,"column":46},"end":{"line":46,"column":73}},"20":{"start":{"line":49,"column":19},"end":{"line":51,"column":3}},"21":{"start":{"line":50,"column":4},"end":{"line":50,"column":63}},"22":{"start":{"line":50,"column":46},"end":{"line":50,"column":61}},"23":{"start":{"line":53,"column":21},"end":{"line":55,"column":3}},"24":{"start":{"line":54,"column":4},"end":{"line":54,"column":41}},"25":{"start":{"line":57,"column":13},"end":{"line":62,"column":3}},"26":{"start":{"line":58,"column":4},"end":{"line":61,"column":6}},"27":{"start":{"line":64,"column":14},"end":{"line":64,"column":73}},"28":{"start":{"line":64,"column":37},"end":{"line":64,"column":73}},"29":{"start":{"line":66,"column":14},"end":{"line":66,"column":22}},"30":{"start":{"line":68,"column":12},"end":{"line":70,"column":3}},"31":{"start":{"line":69,"column":4},"end":{"line":69,"column":26}},"32":{"start":{"line":73,"column":4},"end":{"line":73,"column":21}},"33":{"start":{"line":77,"column":4},"end":{"line":77,"column":25}},"34":{"start":{"line":81,"column":4},"end":{"line":81,"column":23}},"35":{"start":{"line":85,"column":4},"end":{"line":85,"column":27}},"36":{"start":{"line":89,"column":4},"end":{"line":89,"column":31}}},"fnMap":{"0":{"name":"(anonymous_0)","decl":{"start":{"line":26,"column":2},"end":{"line":26,"column":3}},"loc":{"start":{"line":26,"column":44},"end":{"line":36,"column":3}},"line":26},"1":{"name":"(anonymous_1)","decl":{"start":{"line":38,"column":22},"end":{"line":38,"column":23}},"loc":{"start":{"line":38,"column":46},"end":{"line":43,"column":3}},"line":38},"2":{"name":"(anonymous_2)","decl":{"start":{"line":45,"column":25},"end":{"line":45,"column":26}},"loc":{"start":{"line":45,"column":53},"end":{"line":47,"column":3}},"line":45},"3":{"name":"(anonymous_3)","decl":{"start":{"line":46,"column":35},"end":{"line":46,"column":36}},"loc":{"start":{"line":46,"column":46},"end":{"line":46,"column":73}},"line":46},"4":{"name":"(anonymous_4)","decl":{"start":{"line":49,"column":19},"end":{"line":49,"column":20}},"loc":{"start":{"line":49,"column":35},"end":{"line":51,"column":3}},"line":49},"5":{"name":"(anonymous_5)","decl":{"start":{"line":50,"column":35},"end":{"line":50,"column":36}},"loc":{"start":{"line":50,"column":46},"end":{"line":50,"column":61}},"line":50},"6":{"name":"(anonymous_6)","decl":{"start":{"line":53,"column":21},"end":{"line":53,"column":22}},"loc":{"start":{"line":53,"column":27},"end":{"line":55,"column":3}},"line":53},"7":{"name":"(anonymous_7)","decl":{"start":{"line":57,"column":13},"end":{"line":57,"column":14}},"loc":{"start":{"line":57,"column":53},"end":{"line":62,"column":3}},"line":57},"8":{"name":"(anonymous_8)","decl":{"start":{"line":64,"column":14},"end":{"line":64,"column":15}},"loc":{"start":{"line":64,"column":37},"end":{"line":64,"column":73}},"line":64},"9":{"name":"(anonymous_9)","decl":{"start":{"line":66,"column":14},"end":{"line":66,"column":15}},"loc":{"start":{"line":66,"column":20},"end":{"line":66,"column":22}},"line":66},"10":{"name":"(anonymous_10)","decl":{"start":{"line":68,"column":12},"end":{"line":68,"column":13}},"loc":{"start":{"line":68,"column":34},"end":{"line":70,"column":3}},"line":68},"11":{"name":"(anonymous_11)","decl":{"start":{"line":72,"column":2},"end":{"line":72,"column":3}},"loc":{"start":{"line":72,"column":11},"end":{"line":74,"column":3}},"line":72},"12":{"name":"(anonymous_12)","decl":{"start":{"line":76,"column":2},"end":{"line":76,"column":3}},"loc":{"start":{"line":76,"column":15},"end":{"line":78,"column":3}},"line":76},"13":{"name":"(anonymous_13)","decl":{"start":{"line":80,"column":2},"end":{"line":80,"column":3}},"loc":{"start":{"line":80,"column":13},"end":{"line":82,"column":3}},"line":80},"14":{"name":"(anonymous_14)","decl":{"start":{"line":84,"column":2},"end":{"line":84,"column":3}},"loc":{"start":{"line":84,"column":29},"end":{"line":86,"column":3}},"line":84},"15":{"name":"(anonymous_15)","decl":{"start":{"line":88,"column":2},"end":{"line":88,"column":3}},"loc":{"start":{"line":88,"column":13},"end":{"line":90,"column":3}},"line":88}},"branchMap":{"0":{"loc":{"start":{"line":27,"column":31},"end":{"line":27,"column":51}},"type":"default-arg","locations":[{"start":{"line":27,"column":46},"end":{"line":27,"column":51}}],"line":27}},"s":{"0":12,"1":12,"2":12,"3":12,"4":12,"5":12,"6":12,"7":12,"8":12,"9":12,"10":12,"11":12,"12":12,"13":12,"14":12,"15":12,"16":0,"17":12,"18":0,"19":0,"20":12,"21":0,"22":0,"23":12,"24":0,"25":12,"26":0,"27":12,"28":14,"29":12,"30":12,"31":0,"32":2,"33":0,"34":4,"35":0,"36":5},"f":{"0":12,"1":0,"2":0,"3":0,"4":0,"5":0,"6":0,"7":0,"8":14,"9":3,"10":0,"11":2,"12":0,"13":4,"14":0,"15":5},"b":{"0":[12]},"_coverageSchema":"1a1c01bbd47fc00a2c39e90264f33305004495a9","hash":"6a942b75fa24db0fd127d41931b6f92e22a84ccd"}
,"A:\\WebProjects\\task-manager\\src\\model\\BoardModel.ts": {"path":"A:\\WebProjects\\task-manager\\src\\model\\BoardModel.ts","statementMap":{"0":{"start":{"line":5,"column":23},"end":{"line":19,"column":3}},"1":{"start":{"line":21,"column":33},"end":{"line":21,"column":35}},"2":{"start":{"line":24,"column":42},"end":{"line":24,"column":49}},"3":{"start":{"line":25,"column":4},"end":{"line":25,"column":41}},"4":{"start":{"line":27,"column":4},"end":{"line":27,"column":46}},"5":{"start":{"line":30,"column":13},"end":{"line":32,"column":3}},"6":{"start":{"line":31,"column":4},"end":{"line":31,"column":27}}},"fnMap":{"0":{"name":"(anonymous_0)","decl":{"start":{"line":23,"column":2},"end":{"line":23,"column":3}},"loc":{"start":{"line":23,"column":44},"end":{"line":28,"column":3}},"line":23},"1":{"name":"(anonymous_1)","decl":{"start":{"line":30,"column":13},"end":{"line":30,"column":14}},"loc":{"start":{"line":30,"column":39},"end":{"line":32,"column":3}},"line":30}},"branchMap":{},"s":{"0":4,"1":4,"2":4,"3":4,"4":4,"5":4,"6":0},"f":{"0":4,"1":0},"b":{},"_coverageSchema":"1a1c01bbd47fc00a2c39e90264f33305004495a9","hash":"d46a9759298165fa04bec45b2af2c15775badc25"}
,"A:\\WebProjects\\task-manager\\src\\model\\CardModel.ts": {"path":"A:\\WebProjects\\task-manager\\src\\model\\CardModel.ts","statementMap":{"0":{"start":{"line":6,"column":36},"end":{"line":12,"column":3}},"1":{"start":{"line":14,"column":21},"end":{"line":14,"column":32}},"2":{"start":{"line":17,"column":51},"end":{"line":17,"column":58}},"3":{"start":{"line":18,"column":4},"end":{"line":18,"column":41}},"4":{"start":{"line":20,"column":4},"end":{"line":20,"column":27}},"5":{"start":{"line":21,"column":4},"end":{"line":21,"column":46}}},"fnMap":{"0":{"name":"(anonymous_0)","decl":{"start":{"line":16,"column":2},"end":{"line":16,"column":3}},"loc":{"start":{"line":16,"column":44},"end":{"line":22,"column":3}},"line":16}},"branchMap":{},"s":{"0":1,"1":1,"2":1,"3":1,"4":1,"5":1},"f":{"0":1},"b":{},"_coverageSchema":"1a1c01bbd47fc00a2c39e90264f33305004495a9","hash":"f8a07445a70644a92882b8738fc76878c07bcf4a"}
,"A:\\WebProjects\\task-manager\\src\\model\\GroupModel.ts": {"path":"A:\\WebProjects\\task-manager\\src\\model\\GroupModel.ts","statementMap":{"0":{"start":{"line":5,"column":23},"end":{"line":14,"column":3}},"1":{"start":{"line":16,"column":32},"end":{"line":16,"column":34}},"2":{"start":{"line":19,"column":42},"end":{"line":19,"column":49}},"3":{"start":{"line":20,"column":4},"end":{"line":20,"column":41}},"4":{"start":{"line":22,"column":4},"end":{"line":22,"column":46}},"5":{"start":{"line":25,"column":12},"end":{"line":27,"column":3}},"6":{"start":{"line":26,"column":4},"end":{"line":26,"column":26}},"7":{"start":{"line":29,"column":15},"end":{"line":31,"column":3}},"8":{"start":{"line":30,"column":4},"end":{"line":30,"column":33}}},"fnMap":{"0":{"name":"(anonymous_0)","decl":{"start":{"line":18,"column":2},"end":{"line":18,"column":3}},"loc":{"start":{"line":18,"column":44},"end":{"line":23,"column":3}},"line":18},"1":{"name":"(anonymous_1)","decl":{"start":{"line":25,"column":12},"end":{"line":25,"column":13}},"loc":{"start":{"line":25,"column":36},"end":{"line":27,"column":3}},"line":25},"2":{"name":"(anonymous_2)","decl":{"start":{"line":29,"column":15},"end":{"line":29,"column":16}},"loc":{"start":{"line":29,"column":43},"end":{"line":31,"column":3}},"line":29}},"branchMap":{},"s":{"0":7,"1":7,"2":7,"3":7,"4":7,"5":7,"6":0,"7":7,"8":0},"f":{"0":7,"1":0,"2":0},"b":{},"_coverageSchema":"1a1c01bbd47fc00a2c39e90264f33305004495a9","hash":"b2483404daa242a46ffe102d9734ea236957e04b"}
,"A:\\WebProjects\\task-manager\\src\\store\\index.ts": {"path":"A:\\WebProjects\\task-manager\\src\\store\\index.ts","statementMap":{"0":{"start":{"line":6,"column":25},"end":{"line":6,"column":27}},"1":{"start":{"line":7,"column":23},"end":{"line":7,"column":25}},"2":{"start":{"line":8,"column":22},"end":{"line":8,"column":24}},"3":{"start":{"line":11,"column":4},"end":{"line":20,"column":7}},"4":{"start":{"line":24,"column":4},"end":{"line":27,"column":6}},"5":{"start":{"line":31,"column":4},"end":{"line":34,"column":6}},"6":{"start":{"line":38,"column":4},"end":{"line":41,"column":6}},"7":{"start":{"line":45,"column":4},"end":{"line":45,"column":76}},"8":{"start":{"line":45,"column":51},"end":{"line":45,"column":74}},"9":{"start":{"line":49,"column":4},"end":{"line":49,"column":81}},"10":{"start":{"line":49,"column":54},"end":{"line":49,"column":79}},"11":{"start":{"line":54,"column":34},"end":{"line":54,"column":56}},"12":{"start":{"line":56,"column":0},"end":{"line":56,"column":67}}},"fnMap":{"0":{"name":"(anonymous_0)","decl":{"start":{"line":10,"column":2},"end":{"line":10,"column":3}},"loc":{"start":{"line":10,"column":16},"end":{"line":21,"column":3}},"line":10},"1":{"name":"(anonymous_1)","decl":{"start":{"line":23,"column":2},"end":{"line":23,"column":3}},"loc":{"start":{"line":23,"column":33},"end":{"line":28,"column":3}},"line":23},"2":{"name":"(anonymous_2)","decl":{"start":{"line":30,"column":2},"end":{"line":30,"column":3}},"loc":{"start":{"line":30,"column":31},"end":{"line":35,"column":3}},"line":30},"3":{"name":"(anonymous_3)","decl":{"start":{"line":37,"column":2},"end":{"line":37,"column":3}},"loc":{"start":{"line":37,"column":33},"end":{"line":42,"column":3}},"line":37},"4":{"name":"(anonymous_4)","decl":{"start":{"line":44,"column":2},"end":{"line":44,"column":3}},"loc":{"start":{"line":44,"column":37},"end":{"line":46,"column":3}},"line":44},"5":{"name":"(anonymous_5)","decl":{"start":{"line":45,"column":39},"end":{"line":45,"column":40}},"loc":{"start":{"line":45,"column":51},"end":{"line":45,"column":74}},"line":45},"6":{"name":"(anonymous_6)","decl":{"start":{"line":48,"column":2},"end":{"line":48,"column":3}},"loc":{"start":{"line":48,"column":39},"end":{"line":50,"column":3}},"line":48},"7":{"name":"(anonymous_7)","decl":{"start":{"line":49,"column":41},"end":{"line":49,"column":42}},"loc":{"start":{"line":49,"column":54},"end":{"line":49,"column":79}},"line":49}},"branchMap":{},"s":{"0":1,"1":1,"2":1,"3":1,"4":1,"5":0,"6":0,"7":0,"8":0,"9":0,"10":0,"11":1,"12":1},"f":{"0":1,"1":1,"2":0,"3":0,"4":0,"5":0,"6":0,"7":0},"b":{},"_coverageSchema":"1a1c01bbd47fc00a2c39e90264f33305004495a9","hash":"6ffc528eb7f94ea8e6ce199d157d468e73e02b61"}
,"A:\\WebProjects\\task-manager\\src\\utils\\createClass.ts": {"path":"A:\\WebProjects\\task-manager\\src\\utils\\createClass.ts","statementMap":{"0":{"start":{"line":1,"column":20},"end":{"line":5,"column":1}},"1":{"start":{"line":2,"column":20},"end":{"line":2,"column":22}},"2":{"start":{"line":3,"column":4},"end":{"line":3,"column":85}},"3":{"start":{"line":3,"column":30},"end":{"line":3,"column":83}},"4":{"start":{"line":4,"column":4},"end":{"line":4,"column":68}}},"fnMap":{"0":{"name":"(anonymous_0)","decl":{"start":{"line":1,"column":20},"end":{"line":1,"column":21}},"loc":{"start":{"line":1,"column":83},"end":{"line":5,"column":1}},"line":1},"1":{"name":"(anonymous_1)","decl":{"start":{"line":3,"column":20},"end":{"line":3,"column":21}},"loc":{"start":{"line":3,"column":30},"end":{"line":3,"column":83}},"line":3}},"branchMap":{"0":{"loc":{"start":{"line":1,"column":40},"end":{"line":1,"column":78}},"type":"default-arg","locations":[{"start":{"line":1,"column":76},"end":{"line":1,"column":78}}],"line":1},"1":{"loc":{"start":{"line":3,"column":58},"end":{"line":3,"column":81}},"type":"binary-expr","locations":[{"start":{"line":3,"column":58},"end":{"line":3,"column":73}},{"start":{"line":3,"column":77},"end":{"line":3,"column":81}}],"line":3}},"s":{"0":1,"1":29,"2":29,"3":50,"4":29},"f":{"0":29,"1":50},"b":{"0":[15],"1":[50,36]},"_coverageSchema":"1a1c01bbd47fc00a2c39e90264f33305004495a9","hash":"f4c00ddb24f2e0de118bad3c8a7923394fbfa0f5"}
,"A:\\WebProjects\\task-manager\\src\\utils\\uuid.ts": {"path":"A:\\WebProjects\\task-manager\\src\\utils\\uuid.ts","statementMap":{"0":{"start":{"line":3,"column":13},"end":{"line":3,"column":23}},"1":{"start":{"line":3,"column":19},"end":{"line":3,"column":23}}},"fnMap":{"0":{"name":"(anonymous_0)","decl":{"start":{"line":3,"column":13},"end":{"line":3,"column":14}},"loc":{"start":{"line":3,"column":19},"end":{"line":3,"column":23}},"line":3}},"branchMap":{},"s":{"0":1,"1":12},"f":{"0":12},"b":{},"_coverageSchema":"1a1c01bbd47fc00a2c39e90264f33305004495a9","hash":"a06d3fd142e862f493a890e928b4764c4210d00c"}
}
