{"A:\\WebProjects\\task-manager\\src\\assets\\localization\\index.ts": {"path":"A:\\WebProjects\\task-manager\\src\\assets\\localization\\index.ts","statementMap":{"0":{"start":{"line":4,"column":21},"end":{"line":4,"column":32}}},"fnMap":{},"branchMap":{},"s":{"0":1},"f":{},"b":{},"_coverageSchema":"1a1c01bbd47fc00a2c39e90264f33305004495a9","hash":"d9fbe186cf47a1ee3d648eae43636219261ff219"}
,"A:\\WebProjects\\task-manager\\src\\assets\\localization\\localizationEng.ts": {"path":"A:\\WebProjects\\task-manager\\src\\assets\\localization\\localizationEng.ts","statementMap":{"0":{"start":{"line":1,"column":24},"end":{"line":7,"column":1}}},"fnMap":{},"branchMap":{},"s":{"0":1},"f":{},"b":{},"_coverageSchema":"1a1c01bbd47fc00a2c39e90264f33305004495a9","hash":"1c1fed09d201eb38c481fbc58c7ced1e46cfb5c1"}
,"A:\\WebProjects\\task-manager\\src\\assets\\localization\\localizationRu.ts": {"path":"A:\\WebProjects\\task-manager\\src\\assets\\localization\\localizationRu.ts","statementMap":{"0":{"start":{"line":1,"column":23},"end":{"line":7,"column":1}}},"fnMap":{},"branchMap":{},"s":{"0":1},"f":{},"b":{},"_coverageSchema":"1a1c01bbd47fc00a2c39e90264f33305004495a9","hash":"58783aa61538f7f594d49eb256c946077997ea4b"}
,"A:\\WebProjects\\task-manager\\src\\assets\\styles\\icons.ts": {"path":"A:\\WebProjects\\task-manager\\src\\assets\\styles\\icons.ts","statementMap":{"0":{"start":{"line":1,"column":14},"end":{"line":4,"column":1}}},"fnMap":{},"branchMap":{},"s":{"0":2},"f":{},"b":{},"_coverageSchema":"1a1c01bbd47fc00a2c39e90264f33305004495a9","hash":"2f2d2e70abaff0ef01eb9588ac53c3f3d5106f6a"}
,"A:\\WebProjects\\task-manager\\src\\assets\\styles\\index.ts": {"path":"A:\\WebProjects\\task-manager\\src\\assets\\styles\\index.ts","statementMap":{"0":{"start":{"line":5,"column":26},"end":{"line":5,"column":46}}},"fnMap":{},"branchMap":{},"s":{"0":2},"f":{},"b":{},"_coverageSchema":"1a1c01bbd47fc00a2c39e90264f33305004495a9","hash":"f4d292346c473a63bf3e978d6589b509448adf35"}
,"A:\\WebProjects\\task-manager\\src\\assets\\styles\\theme.ts": {"path":"A:\\WebProjects\\task-manager\\src\\assets\\styles\\theme.ts","statementMap":{"0":{"start":{"line":1,"column":14},"end":{"line":7,"column":1}}},"fnMap":{},"branchMap":{},"s":{"0":2},"f":{},"b":{},"_coverageSchema":"1a1c01bbd47fc00a2c39e90264f33305004495a9","hash":"584ee936b1fad47d035448f0050b2ba5ef100567"}
,"A:\\WebProjects\\task-manager\\src\\assets\\styles\\ui.ts": {"path":"A:\\WebProjects\\task-manager\\src\\assets\\styles\\ui.ts","statementMap":{"0":{"start":{"line":3,"column":17},"end":{"line":22,"column":1}},"1":{"start":{"line":5,"column":31},"end":{"line":5,"column":102}},"2":{"start":{"line":6,"column":33},"end":{"line":6,"column":124}},"3":{"start":{"line":7,"column":30},"end":{"line":9,"column":5}},"4":{"start":{"line":12,"column":31},"end":{"line":12,"column":66}},"5":{"start":{"line":13,"column":33},"end":{"line":13,"column":82}},"6":{"start":{"line":14,"column":30},"end":{"line":14,"column":70}},"7":{"start":{"line":17,"column":31},"end":{"line":17,"column":89}},"8":{"start":{"line":18,"column":33},"end":{"line":18,"column":66}},"9":{"start":{"line":19,"column":30},"end":{"line":19,"column":71}}},"fnMap":{"0":{"name":"(anonymous_0)","decl":{"start":{"line":5,"column":13},"end":{"line":5,"column":14}},"loc":{"start":{"line":5,"column":31},"end":{"line":5,"column":102}},"line":5},"1":{"name":"(anonymous_1)","decl":{"start":{"line":6,"column":15},"end":{"line":6,"column":16}},"loc":{"start":{"line":6,"column":33},"end":{"line":6,"column":124}},"line":6},"2":{"name":"(anonymous_2)","decl":{"start":{"line":7,"column":12},"end":{"line":7,"column":13}},"loc":{"start":{"line":7,"column":30},"end":{"line":9,"column":5}},"line":7},"3":{"name":"(anonymous_3)","decl":{"start":{"line":12,"column":13},"end":{"line":12,"column":14}},"loc":{"start":{"line":12,"column":31},"end":{"line":12,"column":66}},"line":12},"4":{"name":"(anonymous_4)","decl":{"start":{"line":13,"column":15},"end":{"line":13,"column":16}},"loc":{"start":{"line":13,"column":33},"end":{"line":13,"column":82}},"line":13},"5":{"name":"(anonymous_5)","decl":{"start":{"line":14,"column":12},"end":{"line":14,"column":13}},"loc":{"start":{"line":14,"column":30},"end":{"line":14,"column":70}},"line":14},"6":{"name":"(anonymous_6)","decl":{"start":{"line":17,"column":13},"end":{"line":17,"column":14}},"loc":{"start":{"line":17,"column":31},"end":{"line":17,"column":89}},"line":17},"7":{"name":"(anonymous_7)","decl":{"start":{"line":18,"column":15},"end":{"line":18,"column":16}},"loc":{"start":{"line":18,"column":33},"end":{"line":18,"column":66}},"line":18},"8":{"name":"(anonymous_8)","decl":{"start":{"line":19,"column":12},"end":{"line":19,"column":13}},"loc":{"start":{"line":19,"column":30},"end":{"line":19,"column":71}},"line":19}},"branchMap":{"0":{"loc":{"start":{"line":8,"column":8},"end":{"line":8,"column":58}},"type":"cond-expr","locations":[{"start":{"line":8,"column":28},"end":{"line":8,"column":43}},{"start":{"line":8,"column":46},"end":{"line":8,"column":58}}],"line":8},"1":{"loc":{"start":{"line":8,"column":98},"end":{"line":8,"column":151}},"type":"cond-expr","locations":[{"start":{"line":8,"column":118},"end":{"line":8,"column":133}},{"start":{"line":8,"column":136},"end":{"line":8,"column":151}}],"line":8}},"s":{"0":2,"1":1,"2":2,"3":10,"4":5,"5":1,"6":8,"7":8,"8":2,"9":1},"f":{"0":1,"1":2,"2":10,"3":5,"4":1,"5":8,"6":8,"7":2,"8":1},"b":{"0":[8,2],"1":[8,2]},"_coverageSchema":"1a1c01bbd47fc00a2c39e90264f33305004495a9","hash":"d1ff3fff1726692fbd2284b9e24901a1c6f04f00"}
,"A:\\WebProjects\\task-manager\\src\\components\\ui\\Article.tsx": {"path":"A:\\WebProjects\\task-manager\\src\\components\\ui\\Article.tsx","statementMap":{"0":{"start":{"line":6,"column":43},"end":{"line":8,"column":1}},"1":{"start":{"line":7,"column":4},"end":{"line":7,"column":93}}},"fnMap":{"0":{"name":"(anonymous_0)","decl":{"start":{"line":6,"column":43},"end":{"line":6,"column":44}},"loc":{"start":{"line":6,"column":79},"end":{"line":8,"column":1}},"line":6}},"branchMap":{"0":{"loc":{"start":{"line":6,"column":46},"end":{"line":6,"column":56}},"type":"default-arg","locations":[{"start":{"line":6,"column":54},"end":{"line":6,"column":56}}],"line":6},"1":{"loc":{"start":{"line":6,"column":58},"end":{"line":6,"column":72}},"type":"default-arg","locations":[{"start":{"line":6,"column":70},"end":{"line":6,"column":72}}],"line":6}},"s":{"0":2,"1":2},"f":{"0":2},"b":{"0":[1],"1":[1]},"_coverageSchema":"1a1c01bbd47fc00a2c39e90264f33305004495a9","hash":"5a91b9f8b830b9bed1ee9645ad811b72fc78f215"}
,"A:\\WebProjects\\task-manager\\src\\components\\ui\\Button.tsx": {"path":"A:\\WebProjects\\task-manager\\src\\components\\ui\\Button.tsx","statementMap":{"0":{"start":{"line":7,"column":60},"end":{"line":30,"column":1}},"1":{"start":{"line":16,"column":8},"end":{"line":16,"column":13}},"2":{"start":{"line":17,"column":69},"end":{"line":20,"column":5}},"3":{"start":{"line":18,"column":8},"end":{"line":18,"column":32}},"4":{"start":{"line":19,"column":8},"end":{"line":19,"column":21}},"5":{"start":{"line":22,"column":4},"end":{"line":29,"column":6}}},"fnMap":{"0":{"name":"(anonymous_0)","decl":{"start":{"line":7,"column":60},"end":{"line":7,"column":61}},"loc":{"start":{"line":7,"column":71},"end":{"line":30,"column":1}},"line":7},"1":{"name":"(anonymous_1)","decl":{"start":{"line":17,"column":69},"end":{"line":17,"column":70}},"loc":{"start":{"line":17,"column":80},"end":{"line":20,"column":5}},"line":17}},"branchMap":{"0":{"loc":{"start":{"line":9,"column":8},"end":{"line":9,"column":18}},"type":"default-arg","locations":[{"start":{"line":9,"column":16},"end":{"line":9,"column":18}}],"line":9},"1":{"loc":{"start":{"line":10,"column":8},"end":{"line":10,"column":22}},"type":"default-arg","locations":[{"start":{"line":10,"column":20},"end":{"line":10,"column":22}}],"line":10},"2":{"loc":{"start":{"line":11,"column":8},"end":{"line":11,"column":27}},"type":"default-arg","locations":[{"start":{"line":11,"column":18},"end":{"line":11,"column":27}}],"line":11},"3":{"loc":{"start":{"line":12,"column":8},"end":{"line":12,"column":23}},"type":"default-arg","locations":[{"start":{"line":12,"column":16},"end":{"line":12,"column":23}}],"line":12},"4":{"loc":{"start":{"line":24,"column":21},"end":{"line":24,"column":54}},"type":"binary-expr","locations":[{"start":{"line":24,"column":21},"end":{"line":24,"column":32}},{"start":{"line":24,"column":36},"end":{"line":24,"column":54}}],"line":24}},"s":{"0":2,"1":13,"2":13,"3":1,"4":1,"5":13},"f":{"0":13,"1":1},"b":{"0":[6],"1":[2],"2":[1],"3":[9],"4":[13,12]},"_coverageSchema":"1a1c01bbd47fc00a2c39e90264f33305004495a9","hash":"c495e498c385c6b1c5bdf9400519d8296ed42067"}
,"A:\\WebProjects\\task-manager\\src\\components\\ui\\Input.tsx": {"path":"A:\\WebProjects\\task-manager\\src\\components\\ui\\Input.tsx","statementMap":{"0":{"start":{"line":7,"column":38},"end":{"line":38,"column":1}},"1":{"start":{"line":15,"column":8},"end":{"line":15,"column":13}},"2":{"start":{"line":16,"column":40},"end":{"line":16,"column":55}},"3":{"start":{"line":18,"column":63},"end":{"line":22,"column":5}},"4":{"start":{"line":19,"column":8},"end":{"line":19,"column":31}},"5":{"start":{"line":20,"column":8},"end":{"line":20,"column":39}},"6":{"start":{"line":21,"column":8},"end":{"line":21,"column":50}},"7":{"start":{"line":24,"column":4},"end":{"line":37,"column":6}}},"fnMap":{"0":{"name":"(anonymous_0)","decl":{"start":{"line":7,"column":38},"end":{"line":7,"column":39}},"loc":{"start":{"line":7,"column":49},"end":{"line":38,"column":1}},"line":7},"1":{"name":"(anonymous_1)","decl":{"start":{"line":18,"column":63},"end":{"line":18,"column":64}},"loc":{"start":{"line":18,"column":74},"end":{"line":22,"column":5}},"line":18}},"branchMap":{"0":{"loc":{"start":{"line":10,"column":8},"end":{"line":10,"column":27}},"type":"default-arg","locations":[{"start":{"line":10,"column":18},"end":{"line":10,"column":27}}],"line":10},"1":{"loc":{"start":{"line":11,"column":8},"end":{"line":11,"column":23}},"type":"default-arg","locations":[{"start":{"line":11,"column":16},"end":{"line":11,"column":23}}],"line":11}},"s":{"0":2,"1":5,"2":5,"3":5,"4":1,"5":1,"6":1,"7":5},"f":{"0":5,"1":1},"b":{"0":[2],"1":[5]},"_coverageSchema":"1a1c01bbd47fc00a2c39e90264f33305004495a9","hash":"ec08a0615e54b8878ab6cf0b9abf730a0969c313"}
,"A:\\WebProjects\\task-manager\\src\\components\\ui\\Paper.tsx": {"path":"A:\\WebProjects\\task-manager\\src\\components\\ui\\Paper.tsx","statementMap":{"0":{"start":{"line":7,"column":58},"end":{"line":19,"column":1}},"1":{"start":{"line":13,"column":8},"end":{"line":13,"column":13}},"2":{"start":{"line":14,"column":4},"end":{"line":18,"column":6}}},"fnMap":{"0":{"name":"(anonymous_0)","decl":{"start":{"line":7,"column":58},"end":{"line":7,"column":59}},"loc":{"start":{"line":7,"column":69},"end":{"line":19,"column":1}},"line":7}},"branchMap":{"0":{"loc":{"start":{"line":9,"column":8},"end":{"line":9,"column":45}},"type":"default-arg","locations":[{"start":{"line":9,"column":20},"end":{"line":9,"column":45}}],"line":9},"1":{"loc":{"start":{"line":10,"column":8},"end":{"line":10,"column":27}},"type":"default-arg","locations":[{"start":{"line":10,"column":18},"end":{"line":10,"column":27}}],"line":10},"2":{"loc":{"start":{"line":11,"column":8},"end":{"line":11,"column":23}},"type":"default-arg","locations":[{"start":{"line":11,"column":16},"end":{"line":11,"column":23}}],"line":11}},"s":{"0":2,"1":11,"2":11},"f":{"0":11},"b":{"0":[4],"1":[8],"2":[11]},"_coverageSchema":"1a1c01bbd47fc00a2c39e90264f33305004495a9","hash":"88b5d28c0fda4f88313369689eb8088c4f6c8a55"}
,"A:\\WebProjects\\task-manager\\src\\components\\ui\\Row.tsx": {"path":"A:\\WebProjects\\task-manager\\src\\components\\ui\\Row.tsx","statementMap":{"0":{"start":{"line":5,"column":35},"end":{"line":7,"column":1}},"1":{"start":{"line":6,"column":4},"end":{"line":6,"column":85}}},"fnMap":{"0":{"name":"(anonymous_0)","decl":{"start":{"line":5,"column":35},"end":{"line":5,"column":36}},"loc":{"start":{"line":5,"column":53},"end":{"line":7,"column":1}},"line":5}},"branchMap":{},"s":{"0":2,"1":3},"f":{"0":3},"b":{},"_coverageSchema":"1a1c01bbd47fc00a2c39e90264f33305004495a9","hash":"9e72bbdc46fa9df6b43ebc518c8b29de23115500"}
,"A:\\WebProjects\\task-manager\\src\\components\\ui\\Textarea.tsx": {"path":"A:\\WebProjects\\task-manager\\src\\components\\ui\\Textarea.tsx","statementMap":{"0":{"start":{"line":7,"column":41},"end":{"line":37,"column":1}},"1":{"start":{"line":15,"column":8},"end":{"line":15,"column":13}},"2":{"start":{"line":16,"column":40},"end":{"line":16,"column":55}},"3":{"start":{"line":18,"column":66},"end":{"line":22,"column":5}},"4":{"start":{"line":19,"column":8},"end":{"line":19,"column":31}},"5":{"start":{"line":20,"column":8},"end":{"line":20,"column":39}},"6":{"start":{"line":21,"column":8},"end":{"line":21,"column":50}},"7":{"start":{"line":24,"column":2},"end":{"line":36,"column":4}}},"fnMap":{"0":{"name":"(anonymous_0)","decl":{"start":{"line":7,"column":41},"end":{"line":7,"column":42}},"loc":{"start":{"line":7,"column":52},"end":{"line":37,"column":1}},"line":7},"1":{"name":"(anonymous_1)","decl":{"start":{"line":18,"column":66},"end":{"line":18,"column":67}},"loc":{"start":{"line":18,"column":77},"end":{"line":22,"column":5}},"line":18}},"branchMap":{"0":{"loc":{"start":{"line":10,"column":8},"end":{"line":10,"column":27}},"type":"default-arg","locations":[{"start":{"line":10,"column":18},"end":{"line":10,"column":27}}],"line":10},"1":{"loc":{"start":{"line":11,"column":8},"end":{"line":11,"column":23}},"type":"default-arg","locations":[{"start":{"line":11,"column":16},"end":{"line":11,"column":23}}],"line":11}},"s":{"0":2,"1":9,"2":9,"3":9,"4":1,"5":1,"6":1,"7":9},"f":{"0":9,"1":1},"b":{"0":[2],"1":[9]},"_coverageSchema":"1a1c01bbd47fc00a2c39e90264f33305004495a9","hash":"1166c847dd34bcf006b9f27872fa5b4b6705f1aa"}
,"A:\\WebProjects\\task-manager\\src\\components\\ui\\Title.tsx": {"path":"A:\\WebProjects\\task-manager\\src\\components\\ui\\Title.tsx","statementMap":{"0":{"start":{"line":10,"column":25},"end":{"line":12,"column":1}},"1":{"start":{"line":11,"column":4},"end":{"line":11,"column":92}}},"fnMap":{"0":{"name":"(anonymous_0)","decl":{"start":{"line":10,"column":25},"end":{"line":10,"column":26}},"loc":{"start":{"line":11,"column":4},"end":{"line":11,"column":92}},"line":11}},"branchMap":{"0":{"loc":{"start":{"line":10,"column":28},"end":{"line":10,"column":38}},"type":"default-arg","locations":[{"start":{"line":10,"column":36},"end":{"line":10,"column":38}}],"line":10},"1":{"loc":{"start":{"line":10,"column":40},"end":{"line":10,"column":54}},"type":"default-arg","locations":[{"start":{"line":10,"column":52},"end":{"line":10,"column":54}}],"line":10}},"s":{"0":2,"1":4},"f":{"0":4},"b":{"0":[1],"1":[1]},"_coverageSchema":"1a1c01bbd47fc00a2c39e90264f33305004495a9","hash":"1a6b6f7996cb19999be685a09a94f40ee759611e"}
,"A:\\WebProjects\\task-manager\\src\\components\\view\\AddGroupView.tsx": {"path":"A:\\WebProjects\\task-manager\\src\\components\\view\\AddGroupView.tsx","statementMap":{"0":{"start":{"line":15,"column":67},"end":{"line":42,"column":1}},"1":{"start":{"line":16,"column":32},"end":{"line":16,"column":37}},"2":{"start":{"line":23,"column":8},"end":{"line":23,"column":13}},"3":{"start":{"line":25,"column":4},"end":{"line":25,"column":29}},"4":{"start":{"line":27,"column":4},"end":{"line":41,"column":6}},"5":{"start":{"line":31,"column":37},"end":{"line":31,"column":87}}},"fnMap":{"0":{"name":"(anonymous_0)","decl":{"start":{"line":15,"column":67},"end":{"line":15,"column":68}},"loc":{"start":{"line":15,"column":78},"end":{"line":42,"column":1}},"line":15},"1":{"name":"(anonymous_1)","decl":{"start":{"line":31,"column":27},"end":{"line":31,"column":28}},"loc":{"start":{"line":31,"column":37},"end":{"line":31,"column":87}},"line":31}},"branchMap":{"0":{"loc":{"start":{"line":29,"column":13},"end":{"line":29,"column":76}},"type":"binary-expr","locations":[{"start":{"line":29,"column":13},"end":{"line":29,"column":17}},{"start":{"line":29,"column":21},"end":{"line":29,"column":76}}],"line":29}},"s":{"0":1,"1":2,"2":2,"3":2,"4":2,"5":1},"f":{"0":2,"1":1},"b":{"0":[2,1]},"_coverageSchema":"1a1c01bbd47fc00a2c39e90264f33305004495a9","hash":"51a80c8936c83ee0cd8182840fe9ada6e351ed12"}
,"A:\\WebProjects\\task-manager\\src\\components\\view\\BoardView.tsx": {"path":"A:\\WebProjects\\task-manager\\src\\components\\view\\BoardView.tsx","statementMap":{"0":{"start":{"line":15,"column":49},"end":{"line":57,"column":1}},"1":{"start":{"line":16,"column":22},"end":{"line":16,"column":27}},"2":{"start":{"line":24,"column":8},"end":{"line":24,"column":13}},"3":{"start":{"line":25,"column":46},"end":{"line":25,"column":70}},"4":{"start":{"line":27,"column":4},"end":{"line":27,"column":60}},"5":{"start":{"line":29,"column":24},"end":{"line":37,"column":5}},"6":{"start":{"line":30,"column":22},"end":{"line":34,"column":10}},"7":{"start":{"line":35,"column":8},"end":{"line":35,"column":29}},"8":{"start":{"line":36,"column":8},"end":{"line":36,"column":24}},"9":{"start":{"line":39,"column":4},"end":{"line":56,"column":6}},"10":{"start":{"line":49,"column":35},"end":{"line":49,"column":88}}},"fnMap":{"0":{"name":"(anonymous_0)","decl":{"start":{"line":15,"column":49},"end":{"line":15,"column":50}},"loc":{"start":{"line":15,"column":60},"end":{"line":57,"column":1}},"line":15},"1":{"name":"(anonymous_1)","decl":{"start":{"line":29,"column":24},"end":{"line":29,"column":25}},"loc":{"start":{"line":29,"column":30},"end":{"line":37,"column":5}},"line":29},"2":{"name":"(anonymous_2)","decl":{"start":{"line":49,"column":24},"end":{"line":49,"column":25}},"loc":{"start":{"line":49,"column":35},"end":{"line":49,"column":88}},"line":49}},"branchMap":{},"s":{"0":1,"1":1,"2":1,"3":1,"4":1,"5":1,"6":0,"7":0,"8":0,"9":1,"10":1},"f":{"0":1,"1":0,"2":1},"b":{},"_coverageSchema":"1a1c01bbd47fc00a2c39e90264f33305004495a9","hash":"174d69f5b17e6a3be925fdbe97f3fffea247e28e"}
,"A:\\WebProjects\\task-manager\\src\\components\\view\\CardView.tsx": {"path":"A:\\WebProjects\\task-manager\\src\\components\\view\\CardView.tsx","statementMap":{"0":{"start":{"line":14,"column":47},"end":{"line":64,"column":1}},"1":{"start":{"line":15,"column":22},"end":{"line":15,"column":27}},"2":{"start":{"line":16,"column":85},"end":{"line":16,"column":90}},"3":{"start":{"line":17,"column":29},"end":{"line":17,"column":53}},"4":{"start":{"line":18,"column":32},"end":{"line":18,"column":54}},"5":{"start":{"line":20,"column":21},"end":{"line":28,"column":5}},"6":{"start":{"line":21,"column":8},"end":{"line":27,"column":9}},"7":{"start":{"line":22,"column":12},"end":{"line":22,"column":31}},"8":{"start":{"line":23,"column":12},"end":{"line":23,"column":28}},"9":{"start":{"line":25,"column":12},"end":{"line":25,"column":31}},"10":{"start":{"line":26,"column":12},"end":{"line":26,"column":28}},"11":{"start":{"line":31,"column":8},"end":{"line":34,"column":9}},"12":{"start":{"line":32,"column":30},"end":{"line":32,"column":35}},"13":{"start":{"line":33,"column":12},"end":{"line":33,"column":50}},"14":{"start":{"line":36,"column":4},"end":{"line":63,"column":6}}},"fnMap":{"0":{"name":"(anonymous_0)","decl":{"start":{"line":14,"column":47},"end":{"line":14,"column":48}},"loc":{"start":{"line":14,"column":58},"end":{"line":64,"column":1}},"line":14},"1":{"name":"(anonymous_1)","decl":{"start":{"line":20,"column":21},"end":{"line":20,"column":22}},"loc":{"start":{"line":20,"column":28},"end":{"line":28,"column":5}},"line":20},"2":{"name":"(anonymous_2)","decl":{"start":{"line":31,"column":8},"end":{"line":31,"column":9}},"loc":{"start":{"line":31,"column":19},"end":{"line":34,"column":9}},"line":31}},"branchMap":{"0":{"loc":{"start":{"line":21,"column":8},"end":{"line":27,"column":9}},"type":"if","locations":[{"start":{"line":21,"column":8},"end":{"line":27,"column":9}},{"start":{"line":24,"column":15},"end":{"line":27,"column":9}}],"line":21},"1":{"loc":{"start":{"line":50,"column":13},"end":{"line":60,"column":17}},"type":"cond-expr","locations":[{"start":{"line":52,"column":16},"end":{"line":52,"column":47}},{"start":{"line":54,"column":16},"end":{"line":59,"column":18}}],"line":50}},"s":{"0":1,"1":4,"2":4,"3":4,"4":4,"5":4,"6":0,"7":0,"8":0,"9":0,"10":0,"11":4,"12":0,"13":0,"14":4},"f":{"0":4,"1":0,"2":0},"b":{"0":[0,0],"1":[0,4]},"_coverageSchema":"1a1c01bbd47fc00a2c39e90264f33305004495a9","hash":"19a6a1bf2f49709dfc55a924e961dc5dabe502c0"}
,"A:\\WebProjects\\task-manager\\src\\components\\view\\GroupView.tsx": {"path":"A:\\WebProjects\\task-manager\\src\\components\\view\\GroupView.tsx","statementMap":{"0":{"start":{"line":18,"column":49},"end":{"line":112,"column":1}},"1":{"start":{"line":19,"column":22},"end":{"line":19,"column":27}},"2":{"start":{"line":30,"column":8},"end":{"line":30,"column":13}},"3":{"start":{"line":31,"column":50},"end":{"line":31,"column":74}},"4":{"start":{"line":32,"column":32},"end":{"line":32,"column":54}},"5":{"start":{"line":34,"column":21},"end":{"line":42,"column":5}},"6":{"start":{"line":35,"column":8},"end":{"line":41,"column":9}},"7":{"start":{"line":36,"column":12},"end":{"line":36,"column":31}},"8":{"start":{"line":37,"column":12},"end":{"line":37,"column":28}},"9":{"start":{"line":39,"column":12},"end":{"line":39,"column":31}},"10":{"start":{"line":40,"column":12},"end":{"line":40,"column":30}},"11":{"start":{"line":44,"column":4},"end":{"line":44,"column":75}},"12":{"start":{"line":46,"column":23},"end":{"line":55,"column":5}},"13":{"start":{"line":47,"column":21},"end":{"line":52,"column":10}},"14":{"start":{"line":53,"column":8},"end":{"line":53,"column":22}},"15":{"start":{"line":54,"column":8},"end":{"line":54,"column":27}},"16":{"start":{"line":57,"column":70},"end":{"line":60,"column":5}},"17":{"start":{"line":58,"column":26},"end":{"line":58,"column":31}},"18":{"start":{"line":59,"column":8},"end":{"line":59,"column":32}},"19":{"start":{"line":62,"column":4},"end":{"line":111,"column":6}},"20":{"start":{"line":101,"column":33},"end":{"line":101,"column":83}}},"fnMap":{"0":{"name":"(anonymous_0)","decl":{"start":{"line":18,"column":49},"end":{"line":18,"column":50}},"loc":{"start":{"line":18,"column":60},"end":{"line":112,"column":1}},"line":18},"1":{"name":"(anonymous_1)","decl":{"start":{"line":34,"column":21},"end":{"line":34,"column":22}},"loc":{"start":{"line":34,"column":28},"end":{"line":42,"column":5}},"line":34},"2":{"name":"(anonymous_2)","decl":{"start":{"line":46,"column":23},"end":{"line":46,"column":24}},"loc":{"start":{"line":46,"column":29},"end":{"line":55,"column":5}},"line":46},"3":{"name":"(anonymous_3)","decl":{"start":{"line":57,"column":70},"end":{"line":57,"column":71}},"loc":{"start":{"line":57,"column":81},"end":{"line":60,"column":5}},"line":57},"4":{"name":"(anonymous_4)","decl":{"start":{"line":101,"column":23},"end":{"line":101,"column":24}},"loc":{"start":{"line":101,"column":33},"end":{"line":101,"column":83}},"line":101}},"branchMap":{"0":{"loc":{"start":{"line":35,"column":8},"end":{"line":41,"column":9}},"type":"if","locations":[{"start":{"line":35,"column":8},"end":{"line":41,"column":9}},{"start":{"line":38,"column":15},"end":{"line":41,"column":9}}],"line":35},"1":{"loc":{"start":{"line":64,"column":9},"end":{"line":99,"column":9}},"type":"cond-expr","locations":[{"start":{"line":65,"column":12},"end":{"line":78,"column":18}},{"start":{"line":80,"column":12},"end":{"line":98,"column":18}}],"line":64}},"s":{"0":1,"1":2,"2":2,"3":2,"4":2,"5":2,"6":0,"7":0,"8":0,"9":0,"10":0,"11":2,"12":2,"13":0,"14":0,"15":0,"16":2,"17":0,"18":0,"19":2,"20":2},"f":{"0":2,"1":0,"2":0,"3":0,"4":2},"b":{"0":[0,0],"1":[0,2]},"_coverageSchema":"1a1c01bbd47fc00a2c39e90264f33305004495a9","hash":"91c4e05dbf0a1c1b0c778885793a72cea0229e5c"}
,"A:\\WebProjects\\task-manager\\src\\hooks\\useUpdate.ts": {"path":"A:\\WebProjects\\task-manager\\src\\hooks\\useUpdate.ts","statementMap":{"0":{"start":{"line":3,"column":18},"end":{"line":5,"column":1}},"1":{"start":{"line":4,"column":4},"end":{"line":4,"column":44}},"2":{"start":{"line":4,"column":20},"end":{"line":4,"column":30}}},"fnMap":{"0":{"name":"(anonymous_0)","decl":{"start":{"line":3,"column":18},"end":{"line":3,"column":19}},"loc":{"start":{"line":3,"column":63},"end":{"line":5,"column":1}},"line":3},"1":{"name":"(anonymous_1)","decl":{"start":{"line":4,"column":14},"end":{"line":4,"column":15}},"loc":{"start":{"line":4,"column":20},"end":{"line":4,"column":30}},"line":4}},"branchMap":{},"s":{"0":1,"1":5,"2":4},"f":{"0":5,"1":4},"b":{},"_coverageSchema":"1a1c01bbd47fc00a2c39e90264f33305004495a9","hash":"bde19beb13ef429ee9a1da580c68ebfb6c370dfb"}
,"A:\\WebProjects\\task-manager\\src\\model\\BaseModel.ts": {"path":"A:\\WebProjects\\task-manager\\src\\model\\BaseModel.ts","statementMap":{"0":{"start":{"line":7,"column":36},"end":{"line":14,"column":5}},"1":{"start":{"line":16,"column":19},"end":{"line":16,"column":21}},"2":{"start":{"line":17,"column":21},"end":{"line":17,"column":40}},"3":{"start":{"line":19,"column":29},"end":{"line":19,"column":56}},"4":{"start":{"line":21,"column":16},"end":{"line":21,"column":40}},"5":{"start":{"line":22,"column":18},"end":{"line":22,"column":44}},"6":{"start":{"line":23,"column":13},"end":{"line":23,"column":34}},"7":{"start":{"line":24,"column":25},"end":{"line":24,"column":27}},"8":{"start":{"line":27,"column":68},"end":{"line":27,"column":75}},"9":{"start":{"line":29,"column":8},"end":{"line":29,"column":27}},"10":{"start":{"line":30,"column":8},"end":{"line":30,"column":27}},"11":{"start":{"line":31,"column":8},"end":{"line":31,"column":43}},"12":{"start":{"line":32,"column":8},"end":{"line":32,"column":31}},"13":{"start":{"line":34,"column":8},"end":{"line":34,"column":39}},"14":{"start":{"line":35,"column":8},"end":{"line":35,"column":50}},"15":{"start":{"line":38,"column":24},"end":{"line":43,"column":5}},"16":{"start":{"line":39,"column":8},"end":{"line":42,"column":10}},"17":{"start":{"line":45,"column":27},"end":{"line":47,"column":5}},"18":{"start":{"line":46,"column":8},"end":{"line":46,"column":79}},"19":{"start":{"line":46,"column":50},"end":{"line":46,"column":77}},"20":{"start":{"line":49,"column":21},"end":{"line":51,"column":5}},"21":{"start":{"line":50,"column":8},"end":{"line":50,"column":67}},"22":{"start":{"line":50,"column":50},"end":{"line":50,"column":65}},"23":{"start":{"line":53,"column":23},"end":{"line":55,"column":5}},"24":{"start":{"line":54,"column":8},"end":{"line":54,"column":45}},"25":{"start":{"line":57,"column":15},"end":{"line":62,"column":5}},"26":{"start":{"line":58,"column":8},"end":{"line":61,"column":10}},"27":{"start":{"line":64,"column":16},"end":{"line":64,"column":75}},"28":{"start":{"line":64,"column":39},"end":{"line":64,"column":75}},"29":{"start":{"line":66,"column":16},"end":{"line":66,"column":24}},"30":{"start":{"line":68,"column":14},"end":{"line":70,"column":5}},"31":{"start":{"line":69,"column":8},"end":{"line":69,"column":30}},"32":{"start":{"line":73,"column":8},"end":{"line":73,"column":25}},"33":{"start":{"line":77,"column":8},"end":{"line":77,"column":29}},"34":{"start":{"line":81,"column":8},"end":{"line":81,"column":27}},"35":{"start":{"line":85,"column":8},"end":{"line":85,"column":31}},"36":{"start":{"line":89,"column":8},"end":{"line":89,"column":35}}},"fnMap":{"0":{"name":"(anonymous_0)","decl":{"start":{"line":26,"column":4},"end":{"line":26,"column":5}},"loc":{"start":{"line":26,"column":46},"end":{"line":36,"column":5}},"line":26},"1":{"name":"(anonymous_1)","decl":{"start":{"line":38,"column":24},"end":{"line":38,"column":25}},"loc":{"start":{"line":38,"column":48},"end":{"line":43,"column":5}},"line":38},"2":{"name":"(anonymous_2)","decl":{"start":{"line":45,"column":27},"end":{"line":45,"column":28}},"loc":{"start":{"line":45,"column":55},"end":{"line":47,"column":5}},"line":45},"3":{"name":"(anonymous_3)","decl":{"start":{"line":46,"column":39},"end":{"line":46,"column":40}},"loc":{"start":{"line":46,"column":50},"end":{"line":46,"column":77}},"line":46},"4":{"name":"(anonymous_4)","decl":{"start":{"line":49,"column":21},"end":{"line":49,"column":22}},"loc":{"start":{"line":49,"column":37},"end":{"line":51,"column":5}},"line":49},"5":{"name":"(anonymous_5)","decl":{"start":{"line":50,"column":39},"end":{"line":50,"column":40}},"loc":{"start":{"line":50,"column":50},"end":{"line":50,"column":65}},"line":50},"6":{"name":"(anonymous_6)","decl":{"start":{"line":53,"column":23},"end":{"line":53,"column":24}},"loc":{"start":{"line":53,"column":29},"end":{"line":55,"column":5}},"line":53},"7":{"name":"(anonymous_7)","decl":{"start":{"line":57,"column":15},"end":{"line":57,"column":16}},"loc":{"start":{"line":57,"column":55},"end":{"line":62,"column":5}},"line":57},"8":{"name":"(anonymous_8)","decl":{"start":{"line":64,"column":16},"end":{"line":64,"column":17}},"loc":{"start":{"line":64,"column":39},"end":{"line":64,"column":75}},"line":64},"9":{"name":"(anonymous_9)","decl":{"start":{"line":66,"column":16},"end":{"line":66,"column":17}},"loc":{"start":{"line":66,"column":22},"end":{"line":66,"column":24}},"line":66},"10":{"name":"(anonymous_10)","decl":{"start":{"line":68,"column":14},"end":{"line":68,"column":15}},"loc":{"start":{"line":68,"column":36},"end":{"line":70,"column":5}},"line":68},"11":{"name":"(anonymous_11)","decl":{"start":{"line":72,"column":4},"end":{"line":72,"column":5}},"loc":{"start":{"line":72,"column":13},"end":{"line":74,"column":5}},"line":72},"12":{"name":"(anonymous_12)","decl":{"start":{"line":76,"column":4},"end":{"line":76,"column":5}},"loc":{"start":{"line":76,"column":17},"end":{"line":78,"column":5}},"line":76},"13":{"name":"(anonymous_13)","decl":{"start":{"line":80,"column":4},"end":{"line":80,"column":5}},"loc":{"start":{"line":80,"column":15},"end":{"line":82,"column":5}},"line":80},"14":{"name":"(anonymous_14)","decl":{"start":{"line":84,"column":4},"end":{"line":84,"column":5}},"loc":{"start":{"line":84,"column":31},"end":{"line":86,"column":5}},"line":84},"15":{"name":"(anonymous_15)","decl":{"start":{"line":88,"column":4},"end":{"line":88,"column":5}},"loc":{"start":{"line":88,"column":15},"end":{"line":90,"column":5}},"line":88}},"branchMap":{"0":{"loc":{"start":{"line":27,"column":35},"end":{"line":27,"column":55}},"type":"default-arg","locations":[{"start":{"line":27,"column":50},"end":{"line":27,"column":55}}],"line":27}},"s":{"0":10,"1":10,"2":10,"3":10,"4":10,"5":10,"6":10,"7":10,"8":10,"9":10,"10":10,"11":10,"12":10,"13":10,"14":10,"15":10,"16":6,"17":10,"18":1,"19":1,"20":10,"21":2,"22":2,"23":10,"24":1,"25":10,"26":1,"27":10,"28":20,"29":10,"30":10,"31":1,"32":16,"33":2,"34":18,"35":1,"36":9},"f":{"0":10,"1":6,"2":1,"3":1,"4":2,"5":2,"6":1,"7":1,"8":20,"9":4,"10":1,"11":16,"12":2,"13":18,"14":1,"15":9},"b":{"0":[10]},"_coverageSchema":"1a1c01bbd47fc00a2c39e90264f33305004495a9","hash":"0979c8413ce82b645b93162148535ca93621f995"}
,"A:\\WebProjects\\task-manager\\src\\model\\BoardModel.ts": {"path":"A:\\WebProjects\\task-manager\\src\\model\\BoardModel.ts","statementMap":{"0":{"start":{"line":5,"column":25},"end":{"line":19,"column":5}},"1":{"start":{"line":21,"column":35},"end":{"line":21,"column":37}},"2":{"start":{"line":24,"column":46},"end":{"line":24,"column":53}},"3":{"start":{"line":25,"column":8},"end":{"line":25,"column":45}},"4":{"start":{"line":27,"column":8},"end":{"line":27,"column":50}},"5":{"start":{"line":30,"column":15},"end":{"line":32,"column":5}},"6":{"start":{"line":31,"column":8},"end":{"line":31,"column":31}}},"fnMap":{"0":{"name":"(anonymous_0)","decl":{"start":{"line":23,"column":4},"end":{"line":23,"column":5}},"loc":{"start":{"line":23,"column":46},"end":{"line":28,"column":5}},"line":23},"1":{"name":"(anonymous_1)","decl":{"start":{"line":30,"column":15},"end":{"line":30,"column":16}},"loc":{"start":{"line":30,"column":41},"end":{"line":32,"column":5}},"line":30}},"branchMap":{},"s":{"0":3,"1":3,"2":3,"3":3,"4":3,"5":3,"6":2},"f":{"0":3,"1":2},"b":{},"_coverageSchema":"1a1c01bbd47fc00a2c39e90264f33305004495a9","hash":"3606d23f537a31717389d8a4164148e8a8aeb081"}
,"A:\\WebProjects\\task-manager\\src\\model\\CardModel.ts": {"path":"A:\\WebProjects\\task-manager\\src\\model\\CardModel.ts","statementMap":{"0":{"start":{"line":6,"column":38},"end":{"line":12,"column":5}},"1":{"start":{"line":14,"column":23},"end":{"line":14,"column":34}},"2":{"start":{"line":17,"column":55},"end":{"line":17,"column":62}},"3":{"start":{"line":18,"column":8},"end":{"line":18,"column":45}},"4":{"start":{"line":20,"column":8},"end":{"line":20,"column":31}},"5":{"start":{"line":21,"column":8},"end":{"line":21,"column":50}}},"fnMap":{"0":{"name":"(anonymous_0)","decl":{"start":{"line":16,"column":4},"end":{"line":16,"column":5}},"loc":{"start":{"line":16,"column":46},"end":{"line":22,"column":5}},"line":16}},"branchMap":{},"s":{"0":2,"1":2,"2":2,"3":2,"4":2,"5":2},"f":{"0":2},"b":{},"_coverageSchema":"1a1c01bbd47fc00a2c39e90264f33305004495a9","hash":"f10e1f722d8a139cfcbd58bdb7d2d06c55e50f3f"}
,"A:\\WebProjects\\task-manager\\src\\model\\GroupModel.ts": {"path":"A:\\WebProjects\\task-manager\\src\\model\\GroupModel.ts","statementMap":{"0":{"start":{"line":5,"column":25},"end":{"line":14,"column":5}},"1":{"start":{"line":16,"column":34},"end":{"line":16,"column":36}},"2":{"start":{"line":19,"column":46},"end":{"line":19,"column":53}},"3":{"start":{"line":20,"column":8},"end":{"line":20,"column":45}},"4":{"start":{"line":22,"column":8},"end":{"line":22,"column":50}},"5":{"start":{"line":25,"column":14},"end":{"line":27,"column":5}},"6":{"start":{"line":26,"column":8},"end":{"line":26,"column":30}},"7":{"start":{"line":29,"column":17},"end":{"line":31,"column":5}},"8":{"start":{"line":30,"column":8},"end":{"line":30,"column":37}}},"fnMap":{"0":{"name":"(anonymous_0)","decl":{"start":{"line":18,"column":4},"end":{"line":18,"column":5}},"loc":{"start":{"line":18,"column":46},"end":{"line":23,"column":5}},"line":18},"1":{"name":"(anonymous_1)","decl":{"start":{"line":25,"column":14},"end":{"line":25,"column":15}},"loc":{"start":{"line":25,"column":38},"end":{"line":27,"column":5}},"line":25},"2":{"name":"(anonymous_2)","decl":{"start":{"line":29,"column":17},"end":{"line":29,"column":18}},"loc":{"start":{"line":29,"column":45},"end":{"line":31,"column":5}},"line":29}},"branchMap":{},"s":{"0":5,"1":5,"2":5,"3":5,"4":5,"5":5,"6":4,"7":5,"8":1},"f":{"0":5,"1":4,"2":1},"b":{},"_coverageSchema":"1a1c01bbd47fc00a2c39e90264f33305004495a9","hash":"11eb0675a3c81e324fdc81fcbd86f93b2450c196"}
,"A:\\WebProjects\\task-manager\\src\\store\\index.ts": {"path":"A:\\WebProjects\\task-manager\\src\\store\\index.ts","statementMap":{"0":{"start":{"line":6,"column":27},"end":{"line":6,"column":29}},"1":{"start":{"line":7,"column":25},"end":{"line":7,"column":27}},"2":{"start":{"line":8,"column":24},"end":{"line":8,"column":26}},"3":{"start":{"line":11,"column":8},"end":{"line":20,"column":11}},"4":{"start":{"line":24,"column":8},"end":{"line":27,"column":10}},"5":{"start":{"line":31,"column":8},"end":{"line":34,"column":10}},"6":{"start":{"line":38,"column":8},"end":{"line":41,"column":10}},"7":{"start":{"line":45,"column":8},"end":{"line":45,"column":80}},"8":{"start":{"line":45,"column":55},"end":{"line":45,"column":78}},"9":{"start":{"line":49,"column":8},"end":{"line":49,"column":85}},"10":{"start":{"line":49,"column":58},"end":{"line":49,"column":83}},"11":{"start":{"line":54,"column":34},"end":{"line":54,"column":56}},"12":{"start":{"line":56,"column":0},"end":{"line":56,"column":67}}},"fnMap":{"0":{"name":"(anonymous_0)","decl":{"start":{"line":10,"column":4},"end":{"line":10,"column":5}},"loc":{"start":{"line":10,"column":18},"end":{"line":21,"column":5}},"line":10},"1":{"name":"(anonymous_1)","decl":{"start":{"line":23,"column":4},"end":{"line":23,"column":5}},"loc":{"start":{"line":23,"column":35},"end":{"line":28,"column":5}},"line":23},"2":{"name":"(anonymous_2)","decl":{"start":{"line":30,"column":4},"end":{"line":30,"column":5}},"loc":{"start":{"line":30,"column":33},"end":{"line":35,"column":5}},"line":30},"3":{"name":"(anonymous_3)","decl":{"start":{"line":37,"column":4},"end":{"line":37,"column":5}},"loc":{"start":{"line":37,"column":35},"end":{"line":42,"column":5}},"line":37},"4":{"name":"(anonymous_4)","decl":{"start":{"line":44,"column":4},"end":{"line":44,"column":5}},"loc":{"start":{"line":44,"column":39},"end":{"line":46,"column":5}},"line":44},"5":{"name":"(anonymous_5)","decl":{"start":{"line":45,"column":43},"end":{"line":45,"column":44}},"loc":{"start":{"line":45,"column":55},"end":{"line":45,"column":78}},"line":45},"6":{"name":"(anonymous_6)","decl":{"start":{"line":48,"column":4},"end":{"line":48,"column":5}},"loc":{"start":{"line":48,"column":41},"end":{"line":50,"column":5}},"line":48},"7":{"name":"(anonymous_7)","decl":{"start":{"line":49,"column":45},"end":{"line":49,"column":46}},"loc":{"start":{"line":49,"column":58},"end":{"line":49,"column":83}},"line":49}},"branchMap":{},"s":{"0":2,"1":2,"2":2,"3":2,"4":2,"5":0,"6":0,"7":0,"8":0,"9":0,"10":0,"11":2,"12":2},"f":{"0":2,"1":2,"2":0,"3":0,"4":0,"5":0,"6":0,"7":0},"b":{},"_coverageSchema":"1a1c01bbd47fc00a2c39e90264f33305004495a9","hash":"6734273645450f7e95f0555947c16d93e599c2b3"}
,"A:\\WebProjects\\task-manager\\src\\utils\\createClass.ts": {"path":"A:\\WebProjects\\task-manager\\src\\utils\\createClass.ts","statementMap":{"0":{"start":{"line":1,"column":20},"end":{"line":5,"column":1}},"1":{"start":{"line":2,"column":20},"end":{"line":2,"column":22}},"2":{"start":{"line":3,"column":4},"end":{"line":3,"column":85}},"3":{"start":{"line":3,"column":30},"end":{"line":3,"column":83}},"4":{"start":{"line":4,"column":4},"end":{"line":4,"column":68}}},"fnMap":{"0":{"name":"(anonymous_0)","decl":{"start":{"line":1,"column":20},"end":{"line":1,"column":21}},"loc":{"start":{"line":1,"column":83},"end":{"line":5,"column":1}},"line":1},"1":{"name":"(anonymous_1)","decl":{"start":{"line":3,"column":20},"end":{"line":3,"column":21}},"loc":{"start":{"line":3,"column":30},"end":{"line":3,"column":83}},"line":3}},"branchMap":{"0":{"loc":{"start":{"line":1,"column":40},"end":{"line":1,"column":78}},"type":"default-arg","locations":[{"start":{"line":1,"column":76},"end":{"line":1,"column":78}}],"line":1},"1":{"loc":{"start":{"line":3,"column":58},"end":{"line":3,"column":81}},"type":"binary-expr","locations":[{"start":{"line":3,"column":58},"end":{"line":3,"column":73}},{"start":{"line":3,"column":77},"end":{"line":3,"column":81}}],"line":3}},"s":{"0":3,"1":67,"2":67,"3":127,"4":67},"f":{"0":67,"1":127},"b":{"0":[47],"1":[127,107]},"_coverageSchema":"1a1c01bbd47fc00a2c39e90264f33305004495a9","hash":"f4c00ddb24f2e0de118bad3c8a7923394fbfa0f5"}
,"A:\\WebProjects\\task-manager\\src\\utils\\uuid.ts": {"path":"A:\\WebProjects\\task-manager\\src\\utils\\uuid.ts","statementMap":{"0":{"start":{"line":3,"column":13},"end":{"line":3,"column":23}},"1":{"start":{"line":3,"column":19},"end":{"line":3,"column":23}}},"fnMap":{"0":{"name":"(anonymous_0)","decl":{"start":{"line":3,"column":13},"end":{"line":3,"column":14}},"loc":{"start":{"line":3,"column":19},"end":{"line":3,"column":23}},"line":3}},"branchMap":{},"s":{"0":2,"1":10},"f":{"0":10},"b":{},"_coverageSchema":"1a1c01bbd47fc00a2c39e90264f33305004495a9","hash":"a06d3fd142e862f493a890e928b4764c4210d00c"}
}
