TN:
SF:src\assets\localization\index.ts
FNF:0
FNH:0
DA:4,1
LF:1
LH:1
BRF:0
BRH:0
end_of_record
TN:
SF:src\assets\localization\localizationEng.ts
FNF:0
FNH:0
DA:1,1
LF:1
LH:1
BRF:0
BRH:0
end_of_record
TN:
SF:src\assets\localization\localizationRu.ts
FNF:0
FNH:0
DA:1,1
LF:1
LH:1
BRF:0
BRH:0
end_of_record
TN:
SF:src\assets\styles\icons.ts
FNF:0
FNH:0
DA:1,2
LF:1
LH:1
BRF:0
BRH:0
end_of_record
TN:
SF:src\assets\styles\index.ts
FNF:0
FNH:0
DA:5,2
LF:1
LH:1
BRF:0
BRH:0
end_of_record
TN:
SF:src\assets\styles\theme.ts
FNF:0
FNH:0
DA:1,2
LF:1
LH:1
BRF:0
BRH:0
end_of_record
TN:
SF:src\assets\styles\ui.ts
FN:5,(anonymous_0)
FN:6,(anonymous_1)
FN:7,(anonymous_2)
FN:12,(anonymous_3)
FN:13,(anonymous_4)
FN:14,(anonymous_5)
FN:17,(anonymous_6)
FN:18,(anonymous_7)
FN:19,(anonymous_8)
FNF:9
FNH:9
FNDA:1,(anonymous_0)
FNDA:2,(anonymous_1)
FNDA:10,(anonymous_2)
FNDA:5,(anonymous_3)
FNDA:1,(anonymous_4)
FNDA:8,(anonymous_5)
FNDA:8,(anonymous_6)
FNDA:2,(anonymous_7)
FNDA:1,(anonymous_8)
DA:3,2
DA:5,1
DA:6,2
DA:7,10
DA:12,5
DA:13,1
DA:14,8
DA:17,8
DA:18,2
DA:19,1
LF:10
LH:10
BRDA:8,0,0,8
BRDA:8,0,1,2
BRDA:8,1,0,8
BRDA:8,1,1,2
BRF:4
BRH:4
end_of_record
TN:
SF:src\components\ui\Article.tsx
FN:6,(anonymous_0)
FNF:1
FNH:1
FNDA:2,(anonymous_0)
DA:6,2
DA:7,2
LF:2
LH:2
BRDA:6,0,0,1
BRDA:6,1,0,1
BRF:2
BRH:2
end_of_record
TN:
SF:src\components\ui\Button.tsx
FN:7,(anonymous_0)
FN:17,(anonymous_1)
FNF:2
FNH:2
FNDA:13,(anonymous_0)
FNDA:1,(anonymous_1)
DA:7,2
DA:16,13
DA:17,13
DA:18,1
DA:19,1
DA:22,13
LF:6
LH:6
BRDA:9,0,0,6
BRDA:10,1,0,2
BRDA:11,2,0,1
BRDA:12,3,0,9
BRDA:24,4,0,13
BRDA:24,4,1,12
BRF:6
BRH:6
end_of_record
TN:
SF:src\components\ui\Input.tsx
FN:7,(anonymous_0)
FN:18,(anonymous_1)
FNF:2
FNH:2
FNDA:5,(anonymous_0)
FNDA:1,(anonymous_1)
DA:7,2
DA:15,5
DA:16,5
DA:18,5
DA:19,1
DA:20,1
DA:21,1
DA:24,5
LF:8
LH:8
BRDA:10,0,0,2
BRDA:11,1,0,5
BRF:2
BRH:2
end_of_record
TN:
SF:src\components\ui\Paper.tsx
FN:7,(anonymous_0)
FNF:1
FNH:1
FNDA:11,(anonymous_0)
DA:7,2
DA:13,11
DA:14,11
LF:3
LH:3
BRDA:9,0,0,4
BRDA:10,1,0,8
BRDA:11,2,0,11
BRF:3
BRH:3
end_of_record
TN:
SF:src\components\ui\Row.tsx
FN:5,(anonymous_0)
FNF:1
FNH:1
FNDA:3,(anonymous_0)
DA:5,2
DA:6,3
LF:2
LH:2
BRF:0
BRH:0
end_of_record
TN:
SF:src\components\ui\Textarea.tsx
FN:7,(anonymous_0)
FN:18,(anonymous_1)
FNF:2
FNH:2
FNDA:9,(anonymous_0)
FNDA:1,(anonymous_1)
DA:7,2
DA:15,9
DA:16,9
DA:18,9
DA:19,1
DA:20,1
DA:21,1
DA:24,9
LF:8
LH:8
BRDA:10,0,0,2
BRDA:11,1,0,9
BRF:2
BRH:2
end_of_record
TN:
SF:src\components\ui\Title.tsx
FN:10,(anonymous_0)
FNF:1
FNH:1
FNDA:4,(anonymous_0)
DA:10,2
DA:11,4
LF:2
LH:2
BRDA:10,0,0,1
BRDA:10,1,0,1
BRF:2
BRH:2
end_of_record
TN:
SF:src\components\view\AddGroupView.tsx
FN:15,(anonymous_0)
FN:31,(anonymous_1)
FNF:2
FNH:2
FNDA:2,(anonymous_0)
FNDA:1,(anonymous_1)
DA:15,1
DA:16,2
DA:23,2
DA:25,2
DA:27,2
DA:31,1
LF:6
LH:6
BRDA:29,0,0,2
BRDA:29,0,1,1
BRF:2
BRH:2
end_of_record
TN:
SF:src\components\view\BoardView.tsx
FN:15,(anonymous_0)
FN:29,(anonymous_1)
FN:49,(anonymous_2)
FNF:3
FNH:2
FNDA:1,(anonymous_0)
FNDA:0,(anonymous_1)
FNDA:1,(anonymous_2)
DA:15,1
DA:16,1
DA:24,1
DA:25,1
DA:27,1
DA:29,1
DA:30,0
DA:35,0
DA:36,0
DA:39,1
DA:49,1
LF:11
LH:8
BRF:0
BRH:0
end_of_record
TN:
SF:src\components\view\CardView.tsx
FN:14,(anonymous_0)
FN:20,(anonymous_1)
FN:31,(anonymous_2)
FNF:3
FNH:1
FNDA:4,(anonymous_0)
FNDA:0,(anonymous_1)
FNDA:0,(anonymous_2)
DA:14,1
DA:15,4
DA:16,4
DA:17,4
DA:18,4
DA:20,4
DA:21,0
DA:22,0
DA:23,0
DA:25,0
DA:26,0
DA:31,4
DA:32,0
DA:33,0
DA:36,4
LF:15
LH:8
BRDA:21,0,0,0
BRDA:21,0,1,0
BRDA:50,1,0,0
BRDA:50,1,1,4
BRF:4
BRH:1
end_of_record
TN:
SF:src\components\view\GroupView.tsx
FN:18,(anonymous_0)
FN:34,(anonymous_1)
FN:46,(anonymous_2)
FN:57,(anonymous_3)
FN:101,(anonymous_4)
FNF:5
FNH:2
FNDA:2,(anonymous_0)
FNDA:0,(anonymous_1)
FNDA:0,(anonymous_2)
FNDA:0,(anonymous_3)
FNDA:2,(anonymous_4)
DA:18,1
DA:19,2
DA:30,2
DA:31,2
DA:32,2
DA:34,2
DA:35,0
DA:36,0
DA:37,0
DA:39,0
DA:40,0
DA:44,2
DA:46,2
DA:47,0
DA:53,0
DA:54,0
DA:57,2
DA:58,0
DA:59,0
DA:62,2
DA:101,2
LF:21
LH:11
BRDA:35,0,0,0
BRDA:35,0,1,0
BRDA:64,1,0,0
BRDA:64,1,1,2
BRF:4
BRH:1
end_of_record
TN:
SF:src\hooks\useUpdate.ts
FN:3,(anonymous_0)
FN:4,(anonymous_1)
FNF:2
FNH:2
FNDA:5,(anonymous_0)
FNDA:4,(anonymous_1)
DA:3,1
DA:4,5
LF:2
LH:2
BRF:0
BRH:0
end_of_record
TN:
SF:src\model\BaseModel.ts
FN:26,(anonymous_0)
FN:38,(anonymous_1)
FN:45,(anonymous_2)
FN:46,(anonymous_3)
FN:49,(anonymous_4)
FN:50,(anonymous_5)
FN:53,(anonymous_6)
FN:57,(anonymous_7)
FN:64,(anonymous_8)
FN:66,(anonymous_9)
FN:68,(anonymous_10)
FN:72,(anonymous_11)
FN:76,(anonymous_12)
FN:80,(anonymous_13)
FN:84,(anonymous_14)
FN:88,(anonymous_15)
FNF:16
FNH:16
FNDA:10,(anonymous_0)
FNDA:6,(anonymous_1)
FNDA:1,(anonymous_2)
FNDA:1,(anonymous_3)
FNDA:2,(anonymous_4)
FNDA:2,(anonymous_5)
FNDA:1,(anonymous_6)
FNDA:1,(anonymous_7)
FNDA:20,(anonymous_8)
FNDA:4,(anonymous_9)
FNDA:1,(anonymous_10)
FNDA:16,(anonymous_11)
FNDA:2,(anonymous_12)
FNDA:18,(anonymous_13)
FNDA:1,(anonymous_14)
FNDA:9,(anonymous_15)
DA:7,10
DA:16,10
DA:17,10
DA:19,10
DA:21,10
DA:22,10
DA:23,10
DA:24,10
DA:27,10
DA:29,10
DA:30,10
DA:31,10
DA:32,10
DA:34,10
DA:35,10
DA:38,10
DA:39,6
DA:45,10
DA:46,1
DA:49,10
DA:50,2
DA:53,10
DA:54,1
DA:57,10
DA:58,1
DA:64,20
DA:66,10
DA:68,10
DA:69,1
DA:73,16
DA:77,2
DA:81,18
DA:85,1
DA:89,9
LF:34
LH:34
BRDA:27,0,0,10
BRF:1
BRH:1
end_of_record
TN:
SF:src\model\BoardModel.ts
FN:23,(anonymous_0)
FN:30,(anonymous_1)
FNF:2
FNH:2
FNDA:3,(anonymous_0)
FNDA:2,(anonymous_1)
DA:5,3
DA:21,3
DA:24,3
DA:25,3
DA:27,3
DA:30,3
DA:31,2
LF:7
LH:7
BRF:0
BRH:0
end_of_record
TN:
SF:src\model\CardModel.ts
FN:16,(anonymous_0)
FNF:1
FNH:1
FNDA:2,(anonymous_0)
DA:6,2
DA:14,2
DA:17,2
DA:18,2
DA:20,2
DA:21,2
LF:6
LH:6
BRF:0
BRH:0
end_of_record
TN:
SF:src\model\GroupModel.ts
FN:18,(anonymous_0)
FN:25,(anonymous_1)
FN:29,(anonymous_2)
FNF:3
FNH:3
FNDA:5,(anonymous_0)
FNDA:4,(anonymous_1)
FNDA:1,(anonymous_2)
DA:5,5
DA:16,5
DA:19,5
DA:20,5
DA:22,5
DA:25,5
DA:26,4
DA:29,5
DA:30,1
LF:9
LH:9
BRF:0
BRH:0
end_of_record
TN:
SF:src\store\index.ts
FN:10,(anonymous_0)
FN:23,(anonymous_1)
FN:30,(anonymous_2)
FN:37,(anonymous_3)
FN:44,(anonymous_4)
FN:45,(anonymous_5)
FN:48,(anonymous_6)
FN:49,(anonymous_7)
FNF:8
FNH:2
FNDA:2,(anonymous_0)
FNDA:2,(anonymous_1)
FNDA:0,(anonymous_2)
FNDA:0,(anonymous_3)
FNDA:0,(anonymous_4)
FNDA:0,(anonymous_5)
FNDA:0,(anonymous_6)
FNDA:0,(anonymous_7)
DA:6,2
DA:7,2
DA:8,2
DA:11,2
DA:24,2
DA:31,0
DA:38,0
DA:45,0
DA:49,0
DA:54,2
DA:56,2
LF:11
LH:7
BRF:0
BRH:0
end_of_record
TN:
SF:src\utils\createClass.ts
FN:1,(anonymous_0)
FN:3,(anonymous_1)
FNF:2
FNH:2
FNDA:67,(anonymous_0)
FNDA:127,(anonymous_1)
DA:1,3
DA:2,67
DA:3,127
DA:4,67
LF:4
LH:4
BRDA:1,0,0,47
BRDA:3,1,0,127
BRDA:3,1,1,107
BRF:3
BRH:3
end_of_record
TN:
SF:src\utils\uuid.ts
FN:3,(anonymous_0)
FNF:1
FNH:1
FNDA:10,(anonymous_0)
DA:3,10
LF:1
LH:1
BRF:0
BRH:0
end_of_record
